#
# A fatal error has been detected by the Java Runtime Environment:
#
#  SIGSEGV (0xb) at pc=0x00007f50c0e522ba, pid=5286, tid=139984085313280
#
# JRE version: 6.0_33-b33
# Java VM: OpenJDK 64-Bit Server VM (23.25-b01 mixed mode linux-amd64 compressed oops)
# Derivative: IcedTea6 1.13.5
# Distribution: Ubuntu 14.04 LTS, package 6b33-1.13.5-1ubuntu0.14.04
# Problematic frame:
# v  ~BufferBlob::jni_fast_GetLongField
#
# Failed to write core dump. Core dumps have been disabled. To enable core dumping, try "ulimit -c unlimited" before starting Java again
#
# If you would like to submit a bug report, please include
# instructions how to reproduce the bug and visit:
#   https://bugs.launchpad.net/ubuntu/+source/openjdk-6/
# The crash happened outside the Java Virtual Machine in native code.
# See problematic frame for where to report the bug.
#

---------------  T H R E A D  ---------------

Current thread (0x00007f50c440c800):  JavaThread "AWT-XAWT" daemon [_thread_in_native, id=5306, stack(0x00007f50959de000,0x00007f5095adf000)]

siginfo:si_signo=SIGSEGV: si_errno=0, si_code=1 (SEGV_MAPERR), si_addr=0x0000000000000000

Registers:
RAX=0x00007f50ca3713e0, RBX=0x00007f50c440c9d8, RCX=0x00007f50cafb5320, RDX=0x0000000000000042
RSP=0x00007f5095add8f8, RBP=0x00007f5095add920, RSI=0x0000000000000000, RDI=0x00007f50c440c9d8
R8 =0x0000000040000000, R9 =0x0000000000000000, R10=0x000000000000000a, R11=0x00007f50c9e77560
R12=0x00007f5064023b80, R13=0x0000000000000000, R14=0x00007f5097a1e2a0, R15=0x00007f50c440c800
RIP=0x00007f50c0e522ba, EFLAGS=0x0000000000010246, CSGSFS=0x0000000000000033, ERR=0x0000000000000004
  TRAPNO=0x000000000000000e

Top of Stack: (sp=0x00007f5095add8f8)
0x00007f5095add8f8:   00007f50977ea504 000000077a539e78
0x00007f5095add908:   00007f5064023b80 000000077a539e78
0x00007f5095add918:   00007f5095adda08 0000000000000000
0x00007f5095add928:   00007f50972e9ae8 000000077a539e78
0x00007f5095add938:   00007f5095add960 0000000000000000
0x00007f5095add948:   00007f50972e19a3 000000077a539e78
0x00007f5095add958:   00007f50977df88f 00007f5095add9d0
0x00007f5095add968:   00007f50c0e09790 000000077a19c418
0x00007f5095add978:   000000077a999008 000000077a19b7b0
0x00007f5095add988:   0000000000000000 00007f5095add990
0x00007f5095add998:   0000000000000000 00007f5095adda08
0x00007f5095add9a8:   000000077a53f880 0000000000000000
0x00007f5095add9b8:   000000077a539e78 0000000000000000
0x00007f5095add9c8:   00007f5095add9f0 00007f5095adda50
0x00007f5095add9d8:   00007f50c0dfe0c2 00000007d6efb6f0
0x00007f5095add9e8:   00007f50c0e06580 0000000000000000
0x00007f5095add9f8:   00007f5095adda50 00007f506c002300
0x00007f5095adda08:   00000007d6f1b068 00007f5095adda10
0x00007f5095adda18:   000000077a43e619 00007f5095adda98
0x00007f5095adda28:   000000077a44acd0 0000000000000000
0x00007f5095adda38:   000000077a43e730 00007f5095add9f0
0x00007f5095adda48:   00007f5095adda90 00007f5095addae0
0x00007f5095adda58:   00007f50c0dfde9a 0000000000000000
0x00007f5095adda68:   00000007d80526a8 0000000000000000
0x00007f5095adda78:   0000000000000000 0000000000000000
0x00007f5095adda88:   00000007d6f1b068 0000000000000000
0x00007f5095adda98:   00000007d6efd7a8 00007f5095addaa0
0x00007f5095addaa8:   000000077a43e335 00007f5095addaf0
0x00007f5095addab8:   000000077a44acd0 0000000000000000
0x00007f5095addac8:   000000077a43e350 00007f5095adda90
0x00007f5095addad8:   00007f5095addaf0 00007f5095addb38
0x00007f5095addae8:   00007f50c0dfe374 00000007d6efd7a8 

Instructions: (pc=0x00007f50c0e522ba)
0x00007f50c0e5229a:   00 00 00 00 00 00 44 8b 15 ad 80 54 09 4c 8b ce
0x00007f50c0e522aa:   41 f6 c2 01 0f 85 2e 00 00 00 4d 33 ca 4d 33 ca
0x00007f50c0e522ba:   4d 8b 09 4c 8b da 49 c1 eb 02 4b 8b 04 19 49 bb
0x00007f50c0e522ca:   54 a3 39 ca 50 7f 00 00 4c 33 d8 4c 33 d8 45 3b 

Register to memory mapping:

RAX=0x00007f50ca3713e0: <offset 0xc933e0> in /usr/lib/jvm/java-6-openjdk-amd64/jre/lib/amd64/server/libjvm.so at 0x00007f50c96de000
RBX=0x00007f50c440c9d8 is an unknown value
RCX=0x00007f50cafb5320: <offset 0x219320> in /lib/x86_64-linux-gnu/libpthread.so.0 at 0x00007f50cad9c000
RDX=0x0000000000000042 is an unknown value
RSP=0x00007f5095add8f8 is pointing into the stack for thread: 0x00007f50c440c800
RBP=0x00007f5095add920 is pointing into the stack for thread: 0x00007f50c440c800
RSI=0x0000000000000000 is an unknown value
RDI=0x00007f50c440c9d8 is an unknown value
R8 =0x0000000040000000 is an unknown value
R9 =0x0000000000000000 is an unknown value
R10=0x000000000000000a is an unknown value
R11=0x00007f50c9e77560: <offset 0x799560> in /usr/lib/jvm/java-6-openjdk-amd64/jre/lib/amd64/server/libjvm.so at 0x00007f50c96de000
R12=0x00007f5064023b80 is an unknown value
R13=0x0000000000000000 is an unknown value
R14=0x00007f5097a1e2a0: <offset 0x24f2a0> in /usr/lib/jvm/java-6-openjdk-amd64/jre/lib/amd64/xawt/libmawt.so at 0x00007f50977cf000
R15=0x00007f50c440c800 is a thread


Stack: [0x00007f50959de000,0x00007f5095adf000],  sp=0x00007f5095add8f8,  free space=1022k
Native frames: (J=compiled Java code, j=interpreted, Vv=VM code, C=native code)
v  ~BufferBlob::jni_fast_GetLongField

Java frames: (J=compiled Java code, j=interpreted, Vv=VM code)
j  sun.awt.X11.XlibWrapper.XFilterEvent(JJ)Z+0
j  sun.awt.X11.XToolkit.run(Z)V+249
j  sun.awt.X11.XToolkit.run()V+5
j  java.lang.Thread.run()V+11
v  ~StubRoutines::call_stub

---------------  P R O C E S S  ---------------

Java Threads: ( => current thread )
  0x00007f50c4009000 JavaThread "DestroyJavaVM" [_thread_blocked, id=5287, stack(0x00007f50cb0ba000,0x00007f50cb1bb000)]
  0x00007f50c4552800 JavaThread "AWT-EventQueue-1" [_thread_blocked, id=5308, stack(0x00007f509430c000,0x00007f509440d000)]
  0x00007f50c4550800 JavaThread "AWT-Shutdown" [_thread_blocked, id=5307, stack(0x00007f509440d000,0x00007f509450e000)]
=>0x00007f50c440c800 JavaThread "AWT-XAWT" daemon [_thread_in_native, id=5306, stack(0x00007f50959de000,0x00007f5095adf000)]
  0x00007f50c4304000 JavaThread "Java2D Disposer" daemon [_thread_blocked, id=5305, stack(0x00007f5095e0a000,0x00007f5095f0b000)]
  0x00007f50c4283000 JavaThread "TimerQueue" daemon [_thread_blocked, id=5304, stack(0x00007f50bc019000,0x00007f50bc11a000)]
  0x00007f50c4103000 JavaThread "Low Memory Detector" daemon [_thread_blocked, id=5302, stack(0x00007f50bc21b000,0x00007f50bc31c000)]
  0x00007f50c4101000 JavaThread "C2 CompilerThread1" daemon [_thread_blocked, id=5301, stack(0x00007f50bc31c000,0x00007f50bc41d000)]
  0x00007f50c40fe000 JavaThread "C2 CompilerThread0" daemon [_thread_blocked, id=5300, stack(0x00007f50bc41d000,0x00007f50bc51e000)]
  0x00007f50c40fb800 JavaThread "Signal Dispatcher" daemon [_thread_blocked, id=5299, stack(0x00007f50bc51e000,0x00007f50bc61f000)]
  0x00007f50c40ac800 JavaThread "Finalizer" daemon [_thread_blocked, id=5298, stack(0x00007f50bcd02000,0x00007f50bce03000)]
  0x00007f50c40aa800 JavaThread "Reference Handler" daemon [_thread_blocked, id=5297, stack(0x00007f50bce03000,0x00007f50bcf04000)]

Other Threads:
  0x00007f50c409b800 VMThread [stack: 0x00007f50bcf04000,0x00007f50bd005000] [id=5296]
  0x00007f50c410e000 WatcherThread [stack: 0x00007f50bc11a000,0x00007f50bc21b000] [id=5303]

VM state:not at safepoint (normal execution)

VM Mutex/Monitor currently owned by a thread: None

Heap
 PSYoungGen      total 36928K, used 25642K [0x00000007d6c00000, 0x00000007d9530000, 0x0000000800000000)
  eden space 31680K, 80% used [0x00000007d6c00000,0x00000007d850aaf8,0x00000007d8af0000)
  from space 5248K, 0% used [0x00000007d9010000,0x00000007d9010000,0x00000007d9530000)
  to   space 5248K, 0% used [0x00000007d8af0000,0x00000007d8af0000,0x00000007d9010000)
 ParOldGen       total 84480K, used 0K [0x0000000784400000, 0x0000000789680000, 0x00000007d6c00000)
  object space 84480K, 0% used [0x0000000784400000,0x0000000784400000,0x0000000789680000)
 PSPermGen       total 21248K, used 11921K [0x0000000779e00000, 0x000000077b2c0000, 0x0000000784400000)
  object space 21248K, 56% used [0x0000000779e00000,0x000000077a9a4618,0x000000077b2c0000)

Card table byte_map: [0x00007f50c09c6000,0x00007f50c0df8000] byte_map_base: 0x00007f50bcdf7000

Polling page: 0x00007f50cb1d9000

Code Cache  [0x00007f50c0df8000, 0x00007f50c1068000, 0x00007f50c3df8000)
 total_blobs=544 nmethods=114 adapters=383 free_code_cache=48349Kb largest_free_block=49489216

Compilation events (10 events):
Event: 5.089 Thread 0x00007f50c4101000  103             java.lang.System::getSecurityManager (4 bytes)
Event: 5.090 Thread 0x00007f50c4101000 nmethod 103 0x00007f50c0ec1350 code [0x00007f50c0ec1480, 0x00007f50c0ec14d8]
Event: 5.229 Thread 0x00007f50c40fe000  104             sun.java2d.SunGraphics2D::setColor (108 bytes)
Event: 5.233 Thread 0x00007f50c40fe000 nmethod 104 0x00007f50c0eab210 code [0x00007f50c0eab380, 0x00007f50c0eab5b8]
Event: 5.345 Thread 0x00007f50c4101000  105             java.lang.Math::floor (5 bytes)
Event: 5.345 Thread 0x00007f50c40fe000  107             acm.graphics.GMath::round (6 bytes)
Event: 5.345 Thread 0x00007f50c4101000 nmethod 105 0x00007f50c0eaaf50 code [0x00007f50c0eab0a0, 0x00007f50c0eab108]
Event: 5.345 Thread 0x00007f50c4101000  108             java.lang.Math::round (10 bytes)
Event: 5.346 Thread 0x00007f50c40fe000 nmethod 107 0x00007f50c0ec4790 code [0x00007f50c0ec4900, 0x00007f50c0ec4988]
Event: 5.346 Thread 0x00007f50c4101000 nmethod 108 0x00007f50c0ec4510 code [0x00007f50c0ec4680, 0x00007f50c0ec4708]

GC Heap History (0 events):
No events

Deoptimization events (10 events):
Event: 0.161 Thread 0x00007f50c4009000 Uncommon trap -34 fr.pc 0x00007f50c0e5b7c0
Event: 0.210 Thread 0x00007f50c4009000 Uncommon trap -34 fr.pc 0x00007f50c0e5b7c0
Event: 0.210 Thread 0x00007f50c4009000 Uncommon trap -34 fr.pc 0x00007f50c0e5b7c0
Event: 0.491 Thread 0x00007f50c4009000 Uncommon trap 22 fr.pc 0x00007f50c0e81ae8
Event: 0.491 Thread 0x00007f50c4009000 Uncommon trap -67 fr.pc 0x00007f50c0e7ba1c
Event: 0.677 Thread 0x00007f50c4009000 Uncommon trap -83 fr.pc 0x00007f50c0e9b11c
Event: 0.680 Thread 0x00007f50c4009000 Uncommon trap 51 fr.pc 0x00007f50c0e7b470
Event: 0.918 Thread 0x00007f50c4009000 Uncommon trap -83 fr.pc 0x00007f50c0e936ac
Event: 0.919 Thread 0x00007f50c440c800 Uncommon trap -83 fr.pc 0x00007f50c0e956ac
Event: 0.920 Thread 0x00007f50c4552800 Uncommon trap -83 fr.pc 0x00007f50c0e8c2f4

Internal exceptions (10 events):
Event: 0.928 Thread 0x00007f50c4009000 Threw 0x00000007d8200258 at /build/buildd/openjdk-6-6b33-1.13.5/build/openjdk/hotspot/src/share/vm/prims/jvm.cpp:1272
Event: 0.929 Thread 0x00007f50c4009000 Threw 0x00000007d8207db0 at /build/buildd/openjdk-6-6b33-1.13.5/build/openjdk/hotspot/src/share/vm/classfile/systemDictionary.cpp:1
Event: 0.929 Thread 0x00007f50c4009000 Threw 0x00000007d82080c0 at /build/buildd/openjdk-6-6b33-1.13.5/build/openjdk/hotspot/src/share/vm/prims/jvm.cpp:1272
Event: 0.930 Thread 0x00007f50c4009000 Threw 0x00000007d820d468 at /build/buildd/openjdk-6-6b33-1.13.5/build/openjdk/hotspot/src/share/vm/classfile/systemDictionary.cpp:1
Event: 0.930 Thread 0x00007f50c4009000 Threw 0x00000007d820d790 at /build/buildd/openjdk-6-6b33-1.13.5/build/openjdk/hotspot/src/share/vm/prims/jvm.cpp:1272
Event: 0.961 Thread 0x00007f50c4552800 Threw 0x00000007d808dcd0 at /build/buildd/openjdk-6-6b33-1.13.5/build/openjdk/hotspot/src/share/vm/classfile/systemDictionary.cpp:1
Event: 0.961 Thread 0x00007f50c4552800 Threw 0x00000007d808e1e0 at /build/buildd/openjdk-6-6b33-1.13.5/build/openjdk/hotspot/src/share/vm/prims/jvm.cpp:1272
Event: 0.963 Thread 0x00007f50c4552800 Threw 0x00000007d8091470 at /build/buildd/openjdk-6-6b33-1.13.5/build/openjdk/hotspot/src/share/vm/classfile/systemDictionary.cpp:1
Event: 0.963 Thread 0x00007f50c4552800 Threw 0x00000007d8091998 at /build/buildd/openjdk-6-6b33-1.13.5/build/openjdk/hotspot/src/share/vm/prims/jvm.cpp:1272
Event: 1.066 Thread 0x00007f50c4552800 Threw 0x00000007d80aa1b8 at /build/buildd/openjdk-6-6b33-1.13.5/build/openjdk/hotspot/src/share/vm/prims/jni.cpp:742

Events (10 events):
Event: 3.206 loading class 0x00007f506c0018a0
Event: 3.206 loading class 0x00007f506c0018a0 done
Event: 3.243 Thread 0x00007f50c4009000 Thread exited: 0x00007f50c4009000
Event: 3.243 Thread 0x00007f50c4009000 Thread added: 0x00007f50c4009000
Event: 4.070 Executing VM operation: EnableBiasedLocking
Event: 4.070 Executing VM operation: EnableBiasedLocking done
Event: 14.223 loading class 0x00007f50c42562b0
Event: 14.224 loading class 0x00007f50c42562b0 done
Event: 395.099 loading class 0x00007f506c001a20
Event: 395.099 loading class 0x00007f506c001a20 done


Dynamic libraries:
00400000-00409000 r-xp 00000000 08:02 7864576                            /usr/lib/jvm/java-6-openjdk-amd64/jre/bin/java
00608000-00609000 r--p 00008000 08:02 7864576                            /usr/lib/jvm/java-6-openjdk-amd64/jre/bin/java
00609000-0060a000 rw-p 00009000 08:02 7864576                            /usr/lib/jvm/java-6-openjdk-amd64/jre/bin/java
00bac000-00bcd000 rw-p 00000000 00:00 0                                  [heap]
779e00000-77b2c0000 rw-p 00000000 00:00 0 
77b2c0000-784400000 rw-p 00000000 00:00 0 
784400000-789680000 rw-p 00000000 00:00 0 
789680000-7d6c00000 rw-p 00000000 00:00 0 
7d6c00000-7d9530000 rw-p 00000000 00:00 0 
7d9530000-800000000 rw-p 00000000 00:00 0 
7f5060000000-7f5060021000 rw-p 00000000 00:00 0 
7f5060021000-7f5064000000 ---p 00000000 00:00 0 
7f5064000000-7f5064047000 rw-p 00000000 00:00 0 
7f5064047000-7f5068000000 ---p 00000000 00:00 0 
7f5068000000-7f5068021000 rw-p 00000000 00:00 0 
7f5068021000-7f506c000000 ---p 00000000 00:00 0 
7f506c000000-7f506c021000 rw-p 00000000 00:00 0 
7f506c021000-7f5070000000 ---p 00000000 00:00 0 
7f5070000000-7f5070021000 rw-p 00000000 00:00 0 
7f5070021000-7f5074000000 ---p 00000000 00:00 0 
7f5074000000-7f5074021000 rw-p 00000000 00:00 0 
7f5074021000-7f5078000000 ---p 00000000 00:00 0 
7f5078000000-7f50786d9000 rw-p 00000000 00:00 0 
7f50786d9000-7f507c000000 ---p 00000000 00:00 0 
7f507c000000-7f507c021000 rw-p 00000000 00:00 0 
7f507c021000-7f5080000000 ---p 00000000 00:00 0 
7f5080000000-7f5080021000 rw-p 00000000 00:00 0 
7f5080021000-7f5084000000 ---p 00000000 00:00 0 
7f5084000000-7f508455b000 rw-p 00000000 00:00 0 
7f508455b000-7f5088000000 ---p 00000000 00:00 0 
7f5088000000-7f5088021000 rw-p 00000000 00:00 0 
7f5088021000-7f508c000000 ---p 00000000 00:00 0 
7f508c000000-7f508c021000 rw-p 00000000 00:00 0 
7f508c021000-7f5090000000 ---p 00000000 00:00 0 
7f5090000000-7f5090021000 rw-p 00000000 00:00 0 
7f5090021000-7f5094000000 ---p 00000000 00:00 0 
7f5094147000-7f5094232000 rw-s 00000000 00:04 11632656                   /SYSV00000000 (deleted)
7f509430c000-7f509430f000 ---p 00000000 00:00 0 
7f509430f000-7f509440d000 rw-p 00000000 00:00 0                          [stack:5308]
7f509440d000-7f5094410000 ---p 00000000 00:00 0 
7f5094410000-7f509450e000 rw-p 00000000 00:00 0                          [stack:5307]
7f509450e000-7f509451f000 r--s 00000000 08:02 4326793                    /usr/share/fonts/type1/gsfonts/a010035l.pfb
7f509451f000-7f5094530000 r--s 00000000 08:02 4326841                    /usr/share/fonts/type1/gsfonts/n019063l.pfb
7f5094530000-7f5094539000 r--s 00000000 08:02 4326883                    /usr/share/fonts/type1/gsfonts/s050000l.pfb
7f5094539000-7f509454c000 r--s 00000000 08:02 4326844                    /usr/share/fonts/type1/gsfonts/n019064l.pfb
7f509454c000-7f5094562000 r--s 00000000 08:02 4326868                    /usr/share/fonts/type1/gsfonts/n022024l.pfb
7f5094562000-7f509457d000 r--s 00000000 08:02 4326877                    /usr/share/fonts/type1/gsfonts/p052023l.pfb
7f509457d000-7f5094597000 r--s 00000000 08:02 4326808                    /usr/share/fonts/type1/gsfonts/c059013l.pfb
7f5094597000-7f50945b2000 r--s 00000000 08:02 4326871                    /usr/share/fonts/type1/gsfonts/p052003l.pfb
7f50945b2000-7f50945ce000 r--s 00000000 08:02 4326880                    /usr/share/fonts/type1/gsfonts/p052024l.pfb
7f50945ce000-7f50945da000 r--s 00000000 08:02 4326820                    /usr/share/fonts/type1/gsfonts/d050000l.pfb
7f50945da000-7f50945ea000 r--s 00000000 08:02 4326784                    /usr/share/fonts/type1/gsfonts/a010013l.pfb
7f50945ea000-7f5094602000 r--s 00000000 08:02 4326814                    /usr/share/fonts/type1/gsfonts/c059033l.pfb
7f5094602000-7f5094614000 r--s 00000000 08:02 4326835                    /usr/share/fonts/type1/gsfonts/n019043l.pfb
7f5094614000-7f5094624000 r--s 00000000 08:02 4326790                    /usr/share/fonts/type1/gsfonts/a010033l.pfb
7f5094624000-7f509463b000 r--s 00000000 08:02 4326886                    /usr/share/fonts/type1/gsfonts/z003034l.pfb
7f509463b000-7f509464c000 r--s 00000000 08:02 4326832                    /usr/share/fonts/type1/gsfonts/n019024l.pfb
7f509464c000-7f509465e000 r--s 00000000 08:02 4326826                    /usr/share/fonts/type1/gsfonts/n019004l.pfb
7f509465e000-7f5094674000 r--s 00000000 08:02 4326856                    /usr/share/fonts/type1/gsfonts/n021024l.pfb
7f5094674000-7f5094686000 r--s 00000000 08:02 4326838                    /usr/share/fonts/type1/gsfonts/n019044l.pfb
7f5094686000-7f509469d000 r--s 00000000 08:02 4326853                    /usr/share/fonts/type1/gsfonts/n021023l.pfb
7f509469d000-7f50946b6000 r--s 00000000 08:02 4326862                    /usr/share/fonts/type1/gsfonts/n022004l.pfb
7f50946b6000-7f50946cb000 r--s 00000000 08:02 4326802                    /usr/share/fonts/type1/gsfonts/b018032l.pfb
7f50946cb000-7f50946e3000 r--s 00000000 08:02 4326817                    /usr/share/fonts/type1/gsfonts/c059036l.pfb
7f50946e3000-7f50946fc000 r--s 00000000 08:02 4326847                    /usr/share/fonts/type1/gsfonts/n021003l.pfb
7f50946fc000-7f5094717000 r--s 00000000 08:02 4326811                    /usr/share/fonts/type1/gsfonts/c059016l.pfb
7f5094717000-7f5094732000 r--s 00000000 08:02 4326874                    /usr/share/fonts/type1/gsfonts/p052004l.pfb
7f5094732000-7f509474b000 r--s 00000000 08:02 4326850                    /usr/share/fonts/type1/gsfonts/n021004l.pfb
7f509474b000-7f509475e000 r--s 00000000 08:02 4326799                    /usr/share/fonts/type1/gsfonts/b018015l.pfb
7f509475e000-7f509476e000 r--s 00000000 08:02 4326787                    /usr/share/fonts/type1/gsfonts/a010015l.pfb
7f509476e000-7f5094784000 r--s 00000000 08:02 4326865                    /usr/share/fonts/type1/gsfonts/n022023l.pfb
7f5094784000-7f509479d000 r--s 00000000 08:02 4326796                    /usr/share/fonts/type1/gsfonts/b018012l.pfb
7f509479d000-7f50947b5000 r--s 00000000 08:02 4326859                    /usr/share/fonts/type1/gsfonts/n022003l.pfb
7f50947b5000-7f50947c9000 r--s 00000000 08:02 4326823                    /usr/share/fonts/type1/gsfonts/n019003l.pfb
7f50947c9000-7f50947db000 r--s 00000000 08:02 4326805                    /usr/share/fonts/type1/gsfonts/b018035l.pfb
7f50947db000-7f50947ec000 r--s 00000000 08:02 4326829                    /usr/share/fonts/type1/gsfonts/n019023l.pfb
7f50947ec000-7f509480b000 r--s 00000000 08:02 4338802                    /usr/share/texmf/fonts/type1/public/tex-gyre/qcrr.pfb
7f509480b000-7f509482b000 r--s 00000000 08:02 4338811                    /usr/share/texmf/fonts/type1/public/tex-gyre/qbkbi.pfb
7f509482b000-7f509484a000 r--s 00000000 08:02 4337410                    /usr/share/texmf/fonts/type1/public/lm/lmvtk10.pfb
7f509484a000-7f5094853000 r--s 00000000 08:02 4326094                    /usr/share/fonts/X11/Type1/c0648bt_.pfb
7f5094853000-7f509486f000 r--s 00000000 08:02 4338805                    /usr/share/texmf/fonts/type1/public/tex-gyre/qhvb.pfb
7f509486f000-7f509488f000 r--s 00000000 08:02 4338826                    /usr/share/texmf/fonts/type1/public/tex-gyre/qcsb.pfb
7f509488f000-7f50948af000 r--s 00000000 08:02 4338806                    /usr/share/texmf/fonts/type1/public/tex-gyre/qtmbi.pfb
7f50948af000-7f50948d0000 r--s 00000000 08:02 4338804                    /usr/share/texmf/fonts/type1/public/tex-gyre/qtmr.pfb
7f50948d0000-7f50948ee000 r--s 00000000 08:02 4337422                    /usr/share/texmf/fonts/type1/public/lm/lmssbx10.pfb
7f50948ee000-7f5094909000 r--s 00000000 08:02 4337454                    /usr/share/texmf/fonts/type1/public/lm/lmtlc10.pfb
7f5094909000-7f5094928000 r--s 00000000 08:02 4337468                    /usr/share/texmf/fonts/type1/public/lm/lmssqbo8.pfb
7f5094928000-7f5094932000 r--s 00000000 08:02 4326082                    /usr/share/fonts/X11/Type1/c0419bt_.pfb
7f5094932000-7f5094950000 r--s 00000000 08:02 4337380                    /usr/share/texmf/fonts/type1/public/lm/lmr10.pfb
7f5094950000-7f5094971000 r--s 00000000 08:02 4338832                    /usr/share/texmf/fonts/type1/public/tex-gyre/qbkri.pfb
7f5094971000-7f509498e000 r--s 00000000 08:02 4337447                    /usr/share/texmf/fonts/type1/public/lm/lmtk10.pfb
7f509498e000-7f50949aa000 r--s 00000000 08:02 4337383                    /usr/share/texmf/fonts/type1/public/lm/lmtt10.pfb
7f50949aa000-7f50949c5000 r--s 00000000 08:02 4338831                    /usr/share/texmf/fonts/type1/public/tex-gyre/qhvcbi.pfb
7f50949c5000-7f50949e6000 r--s 00000000 08:02 4338809                    /usr/share/texmf/fonts/type1/public/tex-gyre/qtmb.pfb
7f50949e6000-7f5094a04000 r--s 00000000 08:02 4337403                    /usr/share/texmf/fonts/type1/public/lm/lmvtl10.pfb
7f5094a04000-7f5094a29000 r--s 00000000 08:02 4337420                    /usr/share/texmf/fonts/type1/public/lm/lmvtko10.pfb
7f5094a29000-7f5094a4b000 r--s 00000000 08:02 4337464                    /usr/share/texmf/fonts/type1/public/lm/lmvtlo10.pfb
7f5094a4b000-7f5094a6d000 r--s 00000000 08:02 4337450                    /usr/share/texmf/fonts/type1/public/lm/lmssbo10.pfb
7f5094a6d000-7f5094a8f000 r--s 00000000 08:02 4337395                    /usr/share/texmf/fonts/type1/public/lm/lmtlco10.pfb
7f5094a8f000-7f5094aac000 r--s 00000000 08:02 4337436                    /usr/share/texmf/fonts/type1/public/lm/lmssqbx8.pfb
7f5094aac000-7f5094acb000 r--s 00000000 08:02 4337386                    /usr/share/texmf/fonts/type1/public/lm/lmb10.pfb
7f5094acb000-7f5094aed000 r--s 00000000 08:02 4337445                    /usr/share/texmf/fonts/type1/public/lm/lmbxo10.pfb
7f5094aed000-7f5094b0e000 r--s 00000000 08:02 4337425                    /usr/share/texmf/fonts/type1/public/lm/lmcsco10.pfb
7f5094b0e000-7f5094b29000 r--s 00000000 08:02 4338812                    /usr/share/texmf/fonts/type1/public/tex-gyre/qagr.pfb
7f5094b29000-7f5094b43000 r--s 00000000 08:02 4338834                    /usr/share/texmf/fonts/type1/public/tex-gyre/qhvbi.pfb
7f5094b43000-7f5094b66000 r--s 00000000 08:02 4337428                    /usr/share/texmf/fonts/type1/public/lm/lmtko10.pfb
7f5094b66000-7f5094b87000 r--s 00000000 08:02 4337389                    /usr/share/texmf/fonts/type1/public/lm/lmvtto10.pfb
7f5094b87000-7f5094ba8000 r--s 00000000 08:02 4337406                    /usr/share/texmf/fonts/type1/public/lm/lmro10.pfb
7f5094ba8000-7f5094bc8000 r--s 00000000 08:02 4338816                    /usr/share/texmf/fonts/type1/public/tex-gyre/qcrbi.pfb
7f5094bc8000-7f5094bea000 r--s 00000000 08:02 4338818                    /usr/share/texmf/fonts/type1/public/tex-gyre/qplb.pfb
7f5094bea000-7f5094c0a000 r--s 00000000 08:02 4338822                    /usr/share/texmf/fonts/type1/public/tex-gyre/qtmri.pfb
7f5094c0a000-7f5094c25000 r--s 00000000 08:02 4337407                    /usr/share/texmf/fonts/type1/public/lm/lmtcsc10.pfb
7f5094c25000-7f5094c40000 r--s 00000000 08:02 4338817                    /usr/share/texmf/fonts/type1/public/tex-gyre/qhvr.pfb
7f5094c40000-7f5094c62000 r--s 00000000 08:02 4338825                    /usr/share/texmf/fonts/type1/public/tex-gyre/qplr.pfb
7f5094c62000-7f5094c82000 r--s 00000000 08:02 4337462                    /usr/share/texmf/fonts/type1/public/lm/lmtcso10.pfb
7f5094c82000-7f5094ca5000 r--s 00000000 08:02 4338814                    /usr/share/texmf/fonts/type1/public/tex-gyre/qplbi.pfb
7f5094ca5000-7f5094cc5000 r--s 00000000 08:02 4338833                    /usr/share/texmf/fonts/type1/public/tex-gyre/qbkr.pfb
7f5094cc5000-7f5094ce4000 r--s 00000000 08:02 4337384                    /usr/share/texmf/fonts/type1/public/lm/lmtto10.pfb
7f5094ce4000-7f5094d03000 r--s 00000000 08:02 4337378                    /usr/share/texmf/fonts/type1/public/lm/lmdunh10.pfb
7f5094d03000-7f5094d20000 r--s 00000000 08:02 4337459                    /usr/share/texmf/fonts/type1/public/lm/lmssdc10.pfb
7f5094d20000-7f5094d3b000 r--s 00000000 08:02 4338803                    /usr/share/texmf/fonts/type1/public/tex-gyre/qhvri.pfb
7f5094d3b000-7f5094d5b000 r--s 00000000 08:02 4338830                    /usr/share/texmf/fonts/type1/public/tex-gyre/qcrb.pfb
7f5094d5b000-7f5094d78000 r--s 00000000 08:02 4337446                    /usr/share/texmf/fonts/type1/public/lm/lmcsc10.pfb
7f5094d78000-7f5094d92000 r--s 00000000 08:02 4337398                    /usr/share/texmf/fonts/type1/public/lm/lmtl10.pfb
7f5094d9a000-7f5094da3000 r--s 00000000 08:02 4326096                    /usr/share/fonts/X11/Type1/c0649bt_.pfb
7f5094da3000-7f5094dbe000 r--s 00000000 08:02 4338829                    /usr/share/texmf/fonts/type1/public/tex-gyre/qhvcr.pfb
7f5094dbe000-7f5094dda000 r--s 00000000 08:02 4338823                    /usr/share/texmf/fonts/type1/public/tex-gyre/qagb.pfb
7f5094dda000-7f5094dfa000 r--s 00000000 08:02 4337435                    /usr/share/texmf/fonts/type1/public/lm/lmssqo8.pfb
7f5094dfa000-7f5094e13000 r--s 00000000 08:02 4338807                    /usr/share/texmf/fonts/type1/public/tex-gyre/qagri.pfb
7f5094e13000-7f5094e1d000 r--s 00000000 08:02 4326889                    /usr/share/fonts/type1/mathml/Symbol.pfb
7f5094e1d000-7f5094e3c000 r--s 00000000 08:02 4337455                    /usr/share/texmf/fonts/type1/public/lm/lmtlo10.pfb
7f5094e3c000-7f5094e5d000 r--s 00000000 08:02 4338824                    /usr/share/texmf/fonts/type1/public/tex-gyre/qcsbi.pfb
7f5094e5d000-7f5094e77000 r--s 00000000 08:02 4338810                    /usr/share/texmf/fonts/type1/public/tex-gyre/qzcmi.pfb
7f5094e77000-7f5094e91000 r--s 00000000 08:02 4338821                    /usr/share/texmf/fonts/type1/public/tex-gyre/qagbi.pfb
7f5094e91000-7f5094ead000 r--s 00000000 08:02 4337457                    /usr/share/texmf/fonts/type1/public/lm/lmri10.pfb
7f5094ead000-7f5094ecb000 r--s 00000000 08:02 4337427                    /usr/share/texmf/fonts/type1/public/lm/lmbx10.pfb
7f5094ecb000-7f5094ee8000 r--s 00000000 08:02 4337426                    /usr/share/texmf/fonts/type1/public/lm/lmvtt10.pfb
7f5094ee8000-7f5094ef1000 r--s 00000000 08:02 4326090                    /usr/share/fonts/X11/Type1/c0632bt_.pfb
7f5094ef1000-7f5094f0d000 r--s 00000000 08:02 4337397                    /usr/share/texmf/fonts/type1/public/lm/lmu10.pfb
7f5094f0d000-7f5094f25000 r--s 00000000 08:02 4337424                    /usr/share/texmf/fonts/type1/public/lm/lmss10.pfb
7f5094f25000-7f5094f45000 r--s 00000000 08:02 4338819                    /usr/share/texmf/fonts/type1/public/tex-gyre/qbkb.pfb
7f5094f45000-7f5094f69000 r--s 00000000 08:02 4337392                    /usr/share/texmf/fonts/type1/public/lm/lmduno10.pfb
7f5094f69000-7f5094f85000 r--s 00000000 08:02 4338815                    /usr/share/texmf/fonts/type1/public/tex-gyre/qhvcb.pfb
7f5094f85000-7f5094fa0000 r--s 00000000 08:02 4337433                    /usr/share/texmf/fonts/type1/public/lm/lmsso10.pfb
7f5094fa0000-7f5094fc2000 r--s 00000000 08:02 4338828                    /usr/share/texmf/fonts/type1/public/tex-gyre/qplri.pfb
7f5094fc2000-7f5094fe2000 r--s 00000000 08:02 4338813                    /usr/share/texmf/fonts/type1/public/tex-gyre/qcsri.pfb
7f5094fe7000-7f5094ff1000 r--s 00000000 08:02 4326086                    /usr/share/fonts/X11/Type1/c0583bt_.pfb
7f5094ff1000-7f5094ffa000 r--s 00000000 08:02 4326092                    /usr/share/fonts/X11/Type1/c0633bt_.pfb
7f5094ffa000-7f5095017000 r--s 00000000 08:02 4337414                    /usr/share/texmf/fonts/type1/public/lm/lmssq8.pfb
7f5095017000-7f5095039000 r--s 00000000 08:02 4337382                    /usr/share/texmf/fonts/type1/public/lm/lmssdo10.pfb
7f5095039000-7f5095043000 r--s 00000000 08:02 4326088                    /usr/share/fonts/X11/Type1/c0611bt_.pfb
7f5095043000-7f5095065000 r--s 00000000 08:02 4337402                    /usr/share/texmf/fonts/type1/public/lm/lmbo10.pfb
7f5095065000-7f509506f000 r--s 00000000 08:02 4326084                    /usr/share/fonts/X11/Type1/c0582bt_.pfb
7f509506f000-7f5095088000 r--s 00000000 08:02 4337437                    /usr/share/texmf/fonts/type1/public/lm/lmtti10.pfb
7f5095088000-7f50950a7000 r--s 00000000 08:02 4338820                    /usr/share/texmf/fonts/type1/public/tex-gyre/qcrri.pfb
7f50950a7000-7f50950c1000 r--s 00000000 08:02 4338827                    /usr/share/texmf/fonts/type1/public/tex-gyre/qhvcri.pfb
7f50950c1000-7f50950dd000 r--s 00000000 08:02 4337449                    /usr/share/texmf/fonts/type1/public/lm/lmbxi10.pfb
7f50950dd000-7f50950fd000 r--s 00000000 08:02 4338808                    /usr/share/texmf/fonts/type1/public/tex-gyre/qcsr.pfb
7f50950fd000-7f5095109000 r--s 00000000 08:02 7081592                    /usr/share/texlive/texmf-dist/fonts/type1/urw/zapfding/uzdr.pfb
7f5095109000-7f5095115000 r--s 00000000 08:02 7081595                    /usr/share/texlive/texmf-dist/fonts/type1/urw/ncntrsbk/uncri8a.pfb
7f5095115000-7f509511f000 r--s 00000000 08:02 7081580                    /usr/share/texlive/texmf-dist/fonts/type1/urw/helvetic/uhvro8ac.pfb
7f509511f000-7f5095129000 r--s 00000000 08:02 7081441                    /usr/share/texlive/texmf-dist/fonts/type1/adobe/utopia/putri8a.pfb
7f5095129000-7f5095133000 r--s 00000000 08:02 7081586                    /usr/share/texlive/texmf-dist/fonts/type1/urw/helvetic/uhvbo8a.pfb
7f5095133000-7f509513c000 r--s 00000000 08:02 7081439                    /usr/share/texlive/texmf-dist/fonts/type1/adobe/utopia/putb8a.pfb
7f509513c000-7f5095148000 r--s 00000000 08:02 7081602                    /usr/share/texlive/texmf-dist/fonts/type1/urw/ncntrsbk/uncbi8a.pfb
7f5095148000-7f5095157000 r--s 00000000 08:02 7081435                    /usr/share/texlive/texmf-dist/fonts/type1/adobe/courier/pcrro8a.pfb
7f5095157000-7f5095164000 r--s 00000000 08:02 7081616                    /usr/share/texlive/texmf-dist/fonts/type1/urw/palatino/uplr8a.pfb
7f5095164000-7f509516f000 r--s 00000000 08:02 7081647                    /usr/share/texlive/texmf-dist/fonts/type1/urw/times/utmbi8a.pfb
7f509516f000-7f5095178000 r--s 00000000 08:02 7081633                    /usr/share/texlive/texmf-dist/fonts/type1/urw/avantgar/uagdo8a.pfb
7f5095178000-7f5095184000 r--s 00000000 08:02 7081578                    /usr/share/texlive/texmf-dist/fonts/type1/urw/helvetic/uhvro8a.pfb
7f5095184000-7f509518d000 r--s 00000000 08:02 7081630                    /usr/share/texlive/texmf-dist/fonts/type1/urw/avantgar/uagk8a.pfb
7f509518d000-7f5095198000 r--s 00000000 08:02 7081644                    /usr/share/texlive/texmf-dist/fonts/type1/urw/bookman/ubkli8a.pfb
7f5095198000-7f50951a2000 r--s 00000000 08:02 7081585                    /usr/share/texlive/texmf-dist/fonts/type1/urw/helvetic/uhvbo8ac.pfb
7f50951a2000-7f50951ad000 r--s 00000000 08:02 7081651                    /usr/share/texlive/texmf-dist/fonts/type1/urw/times/utmb8a.pfb
7f50951ad000-7f50951b8000 r--s 00000000 08:02 7081611                    /usr/share/texlive/texmf-dist/fonts/type1/urw/courier/ucrro8a.pfb
7f50951b8000-7f50951c5000 r--s 00000000 08:02 7081607                    /usr/share/texlive/texmf-dist/fonts/type1/urw/courier/ucrbo8a.pfb
7f50951c5000-7f50951ce000 r--s 00000000 08:02 7081447                    /usr/share/texlive/texmf-dist/fonts/type1/bitstrea/charter/bchri8a.pfb
7f50951ce000-7f50951d8000 r--s 00000000 08:02 7081442                    /usr/share/texlive/texmf-dist/fonts/type1/adobe/utopia/putbi8a.pfb
7f50951d8000-7f50951e1000 r--s 00000000 08:02 7081583                    /usr/share/texlive/texmf-dist/fonts/type1/urw/helvetic/uhvb8a.pfb
7f50951e1000-7f50951ea000 r--s 00000000 08:02 7081574                    /usr/share/texlive/texmf-dist/fonts/type1/urw/helvetic/uhvr8ac.pfb
7f50951ea000-7f50951f7000 r--s 00000000 08:02 7081623                    /usr/share/texlive/texmf-dist/fonts/type1/urw/palatino/uplb8a.pfb
7f50951f7000-7f5095200000 r--s 00000000 08:02 7081445                    /usr/share/texlive/texmf-dist/fonts/type1/bitstrea/charter/bchb8a.pfb
7f5095200000-7f509520d000 r--s 00000000 08:02 7081604                    /usr/share/texlive/texmf-dist/fonts/type1/urw/zapfchan/uzcmi8a.pfb
7f509520d000-7f5095216000 r--s 00000000 08:02 7081634                    /usr/share/texlive/texmf-dist/fonts/type1/urw/avantgar/uagd8a.pfb
7f5095216000-7f509521f000 r--s 00000000 08:02 7081625                    /usr/share/texlive/texmf-dist/fonts/type1/urw/symbol/usyr.pfb
7f509521f000-7f509522f000 r--s 00000000 08:02 7081434                    /usr/share/texlive/texmf-dist/fonts/type1/adobe/courier/pcrb8a.pfb
7f509522f000-7f509523f000 r--s 00000000 08:02 7081433                    /usr/share/texlive/texmf-dist/fonts/type1/adobe/courier/pcrr8a.pfb
7f509523f000-7f509524b000 r--s 00000000 08:02 7081597                    /usr/share/texlive/texmf-dist/fonts/type1/urw/ncntrsbk/uncb8a.pfb
7f509524b000-7f5095258000 r--s 00000000 08:02 7081619                    /usr/share/texlive/texmf-dist/fonts/type1/urw/palatino/uplbi8a.pfb
7f5095258000-7f5095261000 r--s 00000000 08:02 7081448                    /usr/share/texlive/texmf-dist/fonts/type1/bitstrea/charter/bchbi8a.pfb
7f5095261000-7f509526d000 r--s 00000000 08:02 7081596                    /usr/share/texlive/texmf-dist/fonts/type1/urw/ncntrsbk/uncr8a.pfb
7f509526d000-7f5095276000 r--s 00000000 08:02 7081631                    /usr/share/texlive/texmf-dist/fonts/type1/urw/avantgar/uagko8a.pfb
7f5095276000-7f5095283000 r--s 00000000 08:02 7081614                    /usr/share/texlive/texmf-dist/fonts/type1/urw/courier/ucrb8a.pfb
7f5095283000-7f5095290000 r--s 00000000 08:02 7081620                    /usr/share/texlive/texmf-dist/fonts/type1/urw/palatino/uplri8a.pfb
7f5095290000-7f509529c000 r--s 00000000 08:02 7081608                    /usr/share/texlive/texmf-dist/fonts/type1/urw/courier/ucrr8a.pfb
7f509529c000-7f50952ac000 r--s 00000000 08:02 7081436                    /usr/share/texlive/texmf-dist/fonts/type1/adobe/courier/pcrbo8a.pfb
7f50952ac000-7f50952b8000 r--s 00000000 08:02 7081649                    /usr/share/texlive/texmf-dist/fonts/type1/urw/times/utmri8a.pfb
7f50952b8000-7f50952c2000 r--s 00000000 08:02 7081584                    /usr/share/texlive/texmf-dist/fonts/type1/urw/helvetic/uhvb8ac.pfb
7f50952c2000-7f50952cd000 r--s 00000000 08:02 7081642                    /usr/share/texlive/texmf-dist/fonts/type1/urw/bookman/ubkl8a.pfb
7f50952cd000-7f50952d9000 r--s 00000000 08:02 7081652                    /usr/share/texlive/texmf-dist/fonts/type1/urw/times/utmr8a.pfb
7f50952d9000-7f50952e4000 r--s 00000000 08:02 7081643                    /usr/share/texlive/texmf-dist/fonts/type1/urw/bookman/ubkd8a.pfb
7f50952e4000-7f50952ec000 r-xp 00000000 08:02 7864504                    /usr/lib/jvm/java-6-openjdk-amd64/jre/lib/amd64/libnio.so
7f50952ec000-7f50954eb000 ---p 00008000 08:02 7864504                    /usr/lib/jvm/java-6-openjdk-amd64/jre/lib/amd64/libnio.so
7f50954eb000-7f50954ec000 r--p 00007000 08:02 7864504                    /usr/lib/jvm/java-6-openjdk-amd64/jre/lib/amd64/libnio.so
7f50954ec000-7f50954ed000 rw-p 00008000 08:02 7864504                    /usr/lib/jvm/java-6-openjdk-amd64/jre/lib/amd64/libnio.so
7f50954ed000-7f5095502000 r-xp 00000000 08:02 7864507                    /usr/lib/jvm/java-6-openjdk-amd64/jre/lib/amd64/libnet.so
7f5095502000-7f5095702000 ---p 00015000 08:02 7864507                    /usr/lib/jvm/java-6-openjdk-amd64/jre/lib/amd64/libnet.so
7f5095702000-7f5095703000 r--p 00015000 08:02 7864507                    /usr/lib/jvm/java-6-openjdk-amd64/jre/lib/amd64/libnet.so
7f5095703000-7f5095704000 rw-p 00016000 08:02 7864507                    /usr/lib/jvm/java-6-openjdk-amd64/jre/lib/amd64/libnet.so
7f5095704000-7f5095709000 r-xp 00000000 08:02 3284793                    /usr/lib/x86_64-linux-gnu/libXfixes.so.3.1.0
7f5095709000-7f5095908000 ---p 00005000 08:02 3284793                    /usr/lib/x86_64-linux-gnu/libXfixes.so.3.1.0
7f5095908000-7f5095909000 r--p 00004000 08:02 3284793                    /usr/lib/x86_64-linux-gnu/libXfixes.so.3.1.0
7f5095909000-7f509590a000 rw-p 00005000 08:02 3284793                    /usr/lib/x86_64-linux-gnu/libXfixes.so.3.1.0
7f509590a000-7f5095918000 r--s 00000000 08:02 12069202                   /var/cache/fontconfig/6aa41aa22e18b8fa06a12da28ea9c28b-le64.cache-4
7f5095918000-7f5095919000 r--s 00000000 08:02 12058905                   /var/cache/fontconfig/c05880de57d1f5e948fdfacc138775d9-le64.cache-4
7f5095919000-7f5095924000 r--s 00000000 08:02 12058899                   /var/cache/fontconfig/945677eb7aeaf62f1d50efc3fb3ec7d8-le64.cache-4
7f5095924000-7f509592a000 r--s 00000000 08:02 12058885                   /var/cache/fontconfig/2cd17615ca594fa2959ae173292e504c-le64.cache-4
7f509592a000-7f509592b000 r--s 00000000 08:02 12058915                   /var/cache/fontconfig/e7071f4a29fa870f4323321c154eba04-le64.cache-4
7f509592b000-7f509592c000 r--s 00000000 08:02 12058882                   /var/cache/fontconfig/0d8c3b2ac0904cb8a57a757ad11a4a08-le64.cache-4
7f509592c000-7f5095933000 r--s 00000000 08:02 12058902                   /var/cache/fontconfig/a755afe4a08bf5b97852ceb7400b47bc-le64.cache-4
7f5095933000-7f509593c000 r--s 00000000 08:02 12068762                   /var/cache/fontconfig/6d41288fd70b0be22e8c3a91e032eec0-le64.cache-4
7f509593c000-7f5095950000 r--s 00000000 08:02 12058880                   /var/cache/fontconfig/04aabc0a78ac019cf9454389977116d2-le64.cache-4
7f5095950000-7f5095951000 r--s 00000000 08:02 12058884                   /var/cache/fontconfig/1ac9eb803944fde146138c791f5cc56a-le64.cache-4
7f5095951000-7f5095955000 r--s 00000000 08:02 12058888                   /var/cache/fontconfig/385c0604a188198f04d133e54aba7fe7-le64.cache-4
7f5095955000-7f5095956000 r--s 00000000 08:02 12058912                   /var/cache/fontconfig/dc05db6664285cc2f12bf69c139ae4c3-le64.cache-4
7f5095956000-7f509595a000 r--s 00000000 08:02 12068328                   /var/cache/fontconfig/7b79abe4499501fcd4e4826394083a53-le64.cache-4
7f509595a000-7f509595d000 r--s 00000000 08:02 12068305                   /var/cache/fontconfig/3a9914ff62a69b32234685a84fdc926d-le64.cache-4
7f509595d000-7f509595f000 r--s 00000000 08:02 12058896                   /var/cache/fontconfig/767a8244fc0220cfb567a839d0392e0b-le64.cache-4
7f509595f000-7f5095960000 r--s 00000000 08:02 12068266                   /var/cache/fontconfig/0b41ebd278d9388cf5d83f81d476c672-le64.cache-4
7f5095960000-7f5095961000 r--s 00000000 08:02 12068084                   /var/cache/fontconfig/4794a0821666d79190d59a36cb4f44b5-le64.cache-4
7f5095961000-7f5095965000 r--s 00000000 08:02 12068240                   /var/cache/fontconfig/ea32c683f96734b73b6a7acf745d6442-le64.cache-4
7f5095965000-7f509596a000 r--s 00000000 08:02 12058898                   /var/cache/fontconfig/8801497958630a81b71ace7c5f9b32a8-le64.cache-4
7f509596a000-7f509596b000 r--s 00000000 08:02 12068229                   /var/cache/fontconfig/b036df7bbb72844893df6bcf5570ea7f-le64.cache-4
7f509596b000-7f509596c000 r--s 00000000 08:02 12068205                   /var/cache/fontconfig/575107dd7452b4b2b2b1361909925bb4-le64.cache-4
7f509596c000-7f5095973000 r--s 00000000 08:02 12058886                   /var/cache/fontconfig/3047814df9a2f067bd2d96a2b9c36e5a-le64.cache-4
7f5095973000-7f5095986000 r--s 00000000 08:02 12058909                   /var/cache/fontconfig/d52a8644073d54c13679302ca1180695-le64.cache-4
7f5095986000-7f50959a4000 r--s 00000000 08:02 12068776                   /var/cache/fontconfig/467c019e582ee353435ea5c21d137ef6-le64.cache-4
7f50959a4000-7f50959ad000 r--s 00000000 08:02 7081440                    /usr/share/texlive/texmf-dist/fonts/type1/adobe/utopia/putr8a.pfb
7f50959ad000-7f50959de000 rw-p 00000000 00:00 0 
7f50959de000-7f50959e1000 ---p 00000000 00:00 0 
7f50959e1000-7f5095adf000 rw-p 00000000 00:00 0                          [stack:5306]
7f5095adf000-7f5095aed000 r--s 00000000 08:02 12069202                   /var/cache/fontconfig/6aa41aa22e18b8fa06a12da28ea9c28b-le64.cache-4
7f5095aed000-7f5095aee000 r--s 00000000 08:02 12058905                   /var/cache/fontconfig/c05880de57d1f5e948fdfacc138775d9-le64.cache-4
7f5095aee000-7f5095af9000 r--s 00000000 08:02 12058899                   /var/cache/fontconfig/945677eb7aeaf62f1d50efc3fb3ec7d8-le64.cache-4
7f5095af9000-7f5095aff000 r--s 00000000 08:02 12058885                   /var/cache/fontconfig/2cd17615ca594fa2959ae173292e504c-le64.cache-4
7f5095aff000-7f5095b00000 r--s 00000000 08:02 12058915                   /var/cache/fontconfig/e7071f4a29fa870f4323321c154eba04-le64.cache-4
7f5095b00000-7f5095b01000 r--s 00000000 08:02 12058882                   /var/cache/fontconfig/0d8c3b2ac0904cb8a57a757ad11a4a08-le64.cache-4
7f5095b01000-7f5095b08000 r--s 00000000 08:02 12058902                   /var/cache/fontconfig/a755afe4a08bf5b97852ceb7400b47bc-le64.cache-4
7f5095b08000-7f5095b11000 r--s 00000000 08:02 12068762                   /var/cache/fontconfig/6d41288fd70b0be22e8c3a91e032eec0-le64.cache-4
7f5095b11000-7f5095b25000 r--s 00000000 08:02 12058880                   /var/cache/fontconfig/04aabc0a78ac019cf9454389977116d2-le64.cache-4
7f5095b25000-7f5095b26000 r--s 00000000 08:02 12058884                   /var/cache/fontconfig/1ac9eb803944fde146138c791f5cc56a-le64.cache-4
7f5095b26000-7f5095b2a000 r--s 00000000 08:02 12058888                   /var/cache/fontconfig/385c0604a188198f04d133e54aba7fe7-le64.cache-4
7f5095b2a000-7f5095b2b000 r--s 00000000 08:02 12058912                   /var/cache/fontconfig/dc05db6664285cc2f12bf69c139ae4c3-le64.cache-4
7f5095b2b000-7f5095b2f000 r--s 00000000 08:02 12068328                   /var/cache/fontconfig/7b79abe4499501fcd4e4826394083a53-le64.cache-4
7f5095b2f000-7f5095b32000 r--s 00000000 08:02 12068305                   /var/cache/fontconfig/3a9914ff62a69b32234685a84fdc926d-le64.cache-4
7f5095b32000-7f5095b34000 r--s 00000000 08:02 12058896                   /var/cache/fontconfig/767a8244fc0220cfb567a839d0392e0b-le64.cache-4
7f5095b34000-7f5095b35000 r--s 00000000 08:02 12068266                   /var/cache/fontconfig/0b41ebd278d9388cf5d83f81d476c672-le64.cache-4
7f5095b35000-7f5095b36000 r--s 00000000 08:02 12068084                   /var/cache/fontconfig/4794a0821666d79190d59a36cb4f44b5-le64.cache-4
7f5095b36000-7f5095b3a000 r--s 00000000 08:02 12068240                   /var/cache/fontconfig/ea32c683f96734b73b6a7acf745d6442-le64.cache-4
7f5095b3a000-7f5095b3f000 r--s 00000000 08:02 12058898                   /var/cache/fontconfig/8801497958630a81b71ace7c5f9b32a8-le64.cache-4
7f5095b3f000-7f5095b40000 r--s 00000000 08:02 12068229                   /var/cache/fontconfig/b036df7bbb72844893df6bcf5570ea7f-le64.cache-4
7f5095b40000-7f5095b41000 r--s 00000000 08:02 12068205                   /var/cache/fontconfig/575107dd7452b4b2b2b1361909925bb4-le64.cache-4
7f5095b41000-7f5095b48000 r--s 00000000 08:02 12058886                   /var/cache/fontconfig/3047814df9a2f067bd2d96a2b9c36e5a-le64.cache-4
7f5095b48000-7f5095b49000 r--s 00000000 08:02 12058892                   /var/cache/fontconfig/56cf4f4769d0f4abc89a4895d7bd3ae1-le64.cache-4
7f5095b49000-7f5095b4b000 r--s 00000000 08:02 12068181                   /var/cache/fontconfig/12888573d3e05bfbe41d0040af4efeaa-le64.cache-4
7f5095b4b000-7f5095b4c000 r--s 00000000 08:02 12058904                   /var/cache/fontconfig/b9d506c9ac06c20b433354fa67a72993-le64.cache-4
7f5095b4c000-7f5095b52000 r--s 00000000 08:02 12058903                   /var/cache/fontconfig/b47c4e1ecd0709278f4910c18777a504-le64.cache-4
7f5095b52000-7f5095b53000 r--s 00000000 08:02 12068168                   /var/cache/fontconfig/0b3f2427388044a01a5738fa4b8cc9d1-le64.cache-4
7f5095b53000-7f5095b66000 r--s 00000000 08:02 12058909                   /var/cache/fontconfig/d52a8644073d54c13679302ca1180695-le64.cache-4
7f5095b66000-7f5095b6f000 r--s 00000000 08:02 12059657                   /var/cache/fontconfig/3f7329c5293ffd510edef78f73874cfd-le64.cache-4
7f5095b6f000-7f5095b7a000 r--s 00000000 08:02 12068761                   /var/cache/fontconfig/d589a48862398ed80a3d6066f4f56f4c-le64.cache-4
7f5095b7a000-7f5095b7f000 r--s 00000000 08:02 12068111                   /var/cache/fontconfig/b25010134a2e462c779c1c1d5ccbff7b-le64.cache-4
7f5095b7f000-7f5095b96000 r--s 00000000 08:02 12069338                   /var/cache/fontconfig/e13b20fdb08344e0e664864cc2ede53d-le64.cache-4
7f5095b96000-7f5095bb4000 r--s 00000000 08:02 12068776                   /var/cache/fontconfig/467c019e582ee353435ea5c21d137ef6-le64.cache-4
7f5095bbc000-7f5095bc5000 r--s 00000000 08:02 7081446                    /usr/share/texlive/texmf-dist/fonts/type1/bitstrea/charter/bchr8a.pfb
7f5095bc5000-7f5095bce000 r-xp 00000000 08:02 3284785                    /usr/lib/x86_64-linux-gnu/libXcursor.so.1.0.2
7f5095bce000-7f5095dcd000 ---p 00009000 08:02 3284785                    /usr/lib/x86_64-linux-gnu/libXcursor.so.1.0.2
7f5095dcd000-7f5095dce000 r--p 00008000 08:02 3284785                    /usr/lib/x86_64-linux-gnu/libXcursor.so.1.0.2
7f5095dce000-7f5095dcf000 rw-p 00009000 08:02 3284785                    /usr/lib/x86_64-linux-gnu/libXcursor.so.1.0.2
7f5095dd3000-7f5095dde000 r--s 00000000 08:02 7081639                    /usr/share/texlive/texmf-dist/fonts/type1/urw/bookman/ubkdi8a.pfb
7f5095dde000-7f5095de9000 r--s 00000000 08:02 7081589                    /usr/share/texlive/texmf-dist/fonts/type1/urw/helvetic/uhvr8a.pfb
7f5095de9000-7f5095df0000 r--s 00054000 08:02 3809295                    /usr/lib/jvm/java-6-openjdk-common/jre/lib/resources.jar
7f5095df0000-7f5095df1000 r--s 00000000 08:02 12068166                   /var/cache/fontconfig/0941b6d3777f1e64883d36fd6d84a52f-le64.cache-4
7f5095df1000-7f5095df3000 r--s 00000000 08:02 12068158                   /var/cache/fontconfig/e8d703157d3641d20c7e900be2e8d091-le64.cache-4
7f5095df3000-7f5095df5000 r--s 00000000 08:02 12067962                   /var/cache/fontconfig/6a6dfed4a7d1e4367ef225093de82110-le64.cache-4
7f5095df5000-7f5095df6000 r--s 00000000 08:02 12058881                   /var/cache/fontconfig/0c9eb80ebd1c36541ebe2852d3bb0c49-le64.cache-4
7f5095df6000-7f5095dfa000 r--s 00000000 08:02 12068760                   /var/cache/fontconfig/7ef2298fde41cc6eeb7af42e48b7d293-le64.cache-4
7f5095dfa000-7f5095dfc000 r--s 00000000 08:02 12068842                   /var/cache/fontconfig/16326683038b281783a0ef8c680e3a10-le64.cache-4
7f5095dfc000-7f5095e09000 r--s 00000000 08:02 12068837                   /var/cache/fontconfig/8f02d4cb045bd6ce15663e43f347c9f8-le64.cache-4
7f5095e09000-7f5095e0a000 r--s 00000000 08:02 12068816                   /var/cache/fontconfig/e0aa53bcfa504e64f87823c16bc01eb6-le64.cache-4
7f5095e0a000-7f5095e0d000 ---p 00000000 00:00 0 
7f5095e0d000-7f5095f0b000 rw-p 00000000 00:00 0                          [stack:5305]
7f5095f0b000-7f5095f30000 r-xp 00000000 08:02 8392716                    /lib/x86_64-linux-gnu/libpng12.so.0.50.0
7f5095f30000-7f509612f000 ---p 00025000 08:02 8392716                    /lib/x86_64-linux-gnu/libpng12.so.0.50.0
7f509612f000-7f5096130000 r--p 00024000 08:02 8392716                    /lib/x86_64-linux-gnu/libpng12.so.0.50.0
7f5096130000-7f5096131000 rw-p 00025000 08:02 8392716                    /lib/x86_64-linux-gnu/libpng12.so.0.50.0
7f5096131000-7f50961ce000 r-xp 00000000 08:02 3285098                    /usr/lib/x86_64-linux-gnu/libfreetype.so.6.11.1
7f50961ce000-7f50963cd000 ---p 0009d000 08:02 3285098                    /usr/lib/x86_64-linux-gnu/libfreetype.so.6.11.1
7f50963cd000-7f50963d3000 r--p 0009c000 08:02 3285098                    /usr/lib/x86_64-linux-gnu/libfreetype.so.6.11.1
7f50963d3000-7f50963d4000 rw-p 000a2000 08:02 3285098                    /usr/lib/x86_64-linux-gnu/libfreetype.so.6.11.1
7f50963d4000-7f50963da000 r--s 00000000 08:02 12058903                   /var/cache/fontconfig/b47c4e1ecd0709278f4910c18777a504-le64.cache-4
7f50963da000-7f50963e3000 r--s 00000000 08:02 12059657                   /var/cache/fontconfig/3f7329c5293ffd510edef78f73874cfd-le64.cache-4
7f50963e3000-7f50963ee000 r--s 00000000 08:02 12068761                   /var/cache/fontconfig/d589a48862398ed80a3d6066f4f56f4c-le64.cache-4
7f50963ee000-7f509643c000 r-xp 00000000 08:02 7864535                    /usr/lib/jvm/java-6-openjdk-amd64/jre/lib/amd64/libfontmanager.so
7f509643c000-7f509663b000 ---p 0004e000 08:02 7864535                    /usr/lib/jvm/java-6-openjdk-amd64/jre/lib/amd64/libfontmanager.so
7f509663b000-7f509663d000 r--p 0004d000 08:02 7864535                    /usr/lib/jvm/java-6-openjdk-amd64/jre/lib/amd64/libfontmanager.so
7f509663d000-7f509663e000 rw-p 0004f000 08:02 7864535                    /usr/lib/jvm/java-6-openjdk-amd64/jre/lib/amd64/libfontmanager.so
7f509663e000-7f509663f000 rw-p 00000000 00:00 0 
7f509663f000-7f5096644000 r-xp 00000000 08:02 3284789                    /usr/lib/x86_64-linux-gnu/libXdmcp.so.6.0.0
7f5096644000-7f5096843000 ---p 00005000 08:02 3284789                    /usr/lib/x86_64-linux-gnu/libXdmcp.so.6.0.0
7f5096843000-7f5096844000 r--p 00004000 08:02 3284789                    /usr/lib/x86_64-linux-gnu/libXdmcp.so.6.0.0
7f5096844000-7f5096845000 rw-p 00005000 08:02 3284789                    /usr/lib/x86_64-linux-gnu/libXdmcp.so.6.0.0
7f5096845000-7f5096847000 r-xp 00000000 08:02 3284778                    /usr/lib/x86_64-linux-gnu/libXau.so.6.0.0
7f5096847000-7f5096a47000 ---p 00002000 08:02 3284778                    /usr/lib/x86_64-linux-gnu/libXau.so.6.0.0
7f5096a47000-7f5096a48000 r--p 00002000 08:02 3284778                    /usr/lib/x86_64-linux-gnu/libXau.so.6.0.0
7f5096a48000-7f5096a49000 rw-p 00003000 08:02 3284778                    /usr/lib/x86_64-linux-gnu/libXau.so.6.0.0
7f5096a49000-7f5096a66000 r-xp 00000000 08:02 3285848                    /usr/lib/x86_64-linux-gnu/libxcb.so.1.1.0
7f5096a66000-7f5096c66000 ---p 0001d000 08:02 3285848                    /usr/lib/x86_64-linux-gnu/libxcb.so.1.1.0
7f5096c66000-7f5096c67000 r--p 0001d000 08:02 3285848                    /usr/lib/x86_64-linux-gnu/libxcb.so.1.1.0
7f5096c67000-7f5096c68000 rw-p 0001e000 08:02 3285848                    /usr/lib/x86_64-linux-gnu/libxcb.so.1.1.0
7f5096c68000-7f5096c77000 r-xp 00000000 08:02 3284799                    /usr/lib/x86_64-linux-gnu/libXi.so.6.1.0
7f5096c77000-7f5096e76000 ---p 0000f000 08:02 3284799                    /usr/lib/x86_64-linux-gnu/libXi.so.6.1.0
7f5096e76000-7f5096e77000 r--p 0000e000 08:02 3284799                    /usr/lib/x86_64-linux-gnu/libXi.so.6.1.0
7f5096e77000-7f5096e78000 rw-p 0000f000 08:02 3284799                    /usr/lib/x86_64-linux-gnu/libXi.so.6.1.0
7f5096e78000-7f5096e7d000 r-xp 00000000 08:02 3284819                    /usr/lib/x86_64-linux-gnu/libXtst.so.6.1.0
7f5096e7d000-7f509707c000 ---p 00005000 08:02 3284819                    /usr/lib/x86_64-linux-gnu/libXtst.so.6.1.0
7f509707c000-7f509707d000 r--p 00004000 08:02 3284819                    /usr/lib/x86_64-linux-gnu/libXtst.so.6.1.0
7f509707d000-7f509707e000 rw-p 00005000 08:02 3284819                    /usr/lib/x86_64-linux-gnu/libXtst.so.6.1.0
7f509707e000-7f5097087000 r-xp 00000000 08:02 3284813                    /usr/lib/x86_64-linux-gnu/libXrender.so.1.3.0
7f5097087000-7f5097286000 ---p 00009000 08:02 3284813                    /usr/lib/x86_64-linux-gnu/libXrender.so.1.3.0
7f5097286000-7f5097287000 r--p 00008000 08:02 3284813                    /usr/lib/x86_64-linux-gnu/libXrender.so.1.3.0
7f5097287000-7f5097288000 rw-p 00009000 08:02 3284813                    /usr/lib/x86_64-linux-gnu/libXrender.so.1.3.0
7f5097288000-7f50973b8000 r-xp 00000000 08:02 3284774                    /usr/lib/x86_64-linux-gnu/libX11.so.6.3.0
7f50973b8000-7f50975b8000 ---p 00130000 08:02 3284774                    /usr/lib/x86_64-linux-gnu/libX11.so.6.3.0
7f50975b8000-7f50975b9000 r--p 00130000 08:02 3284774                    /usr/lib/x86_64-linux-gnu/libX11.so.6.3.0
7f50975b9000-7f50975bd000 rw-p 00131000 08:02 3284774                    /usr/lib/x86_64-linux-gnu/libX11.so.6.3.0
7f50975bd000-7f50975ce000 r-xp 00000000 08:02 3284791                    /usr/lib/x86_64-linux-gnu/libXext.so.6.4.0
7f50975ce000-7f50977cd000 ---p 00011000 08:02 3284791                    /usr/lib/x86_64-linux-gnu/libXext.so.6.4.0
7f50977cd000-7f50977ce000 r--p 00010000 08:02 3284791                    /usr/lib/x86_64-linux-gnu/libXext.so.6.4.0
7f50977ce000-7f50977cf000 rw-p 00011000 08:02 3284791                    /usr/lib/x86_64-linux-gnu/libXext.so.6.4.0
7f50977cf000-7f509781a000 r-xp 00000000 08:02 7864993                    /usr/lib/jvm/java-6-openjdk-amd64/jre/lib/amd64/xawt/libmawt.so
7f509781a000-7f5097a1a000 ---p 0004b000 08:02 7864993                    /usr/lib/jvm/java-6-openjdk-amd64/jre/lib/amd64/xawt/libmawt.so
7f5097a1a000-7f5097a1b000 r--p 0004b000 08:02 7864993                    /usr/lib/jvm/java-6-openjdk-amd64/jre/lib/amd64/xawt/libmawt.so
7f5097a1b000-7f5097a1e000 rw-p 0004c000 08:02 7864993                    /usr/lib/jvm/java-6-openjdk-amd64/jre/lib/amd64/xawt/libmawt.so
7f5097a1e000-7f5097a1f000 rw-p 00000000 00:00 0 
7f5097a1f000-7f5097abf000 r-xp 00000000 08:02 7864525                    /usr/lib/jvm/java-6-openjdk-amd64/jre/lib/amd64/libawt.so
7f5097abf000-7f5097cbf000 ---p 000a0000 08:02 7864525                    /usr/lib/jvm/java-6-openjdk-amd64/jre/lib/amd64/libawt.so
7f5097cbf000-7f5097cc0000 r--p 000a0000 08:02 7864525                    /usr/lib/jvm/java-6-openjdk-amd64/jre/lib/amd64/libawt.so
7f5097cc0000-7f5097ccb000 rw-p 000a1000 08:02 7864525                    /usr/lib/jvm/java-6-openjdk-amd64/jre/lib/amd64/libawt.so
7f5097ccb000-7f509c000000 rw-p 00000000 00:00 0 
7f509c000000-7f509c021000 rw-p 00000000 00:00 0 
7f509c021000-7f50a0000000 ---p 00000000 00:00 0 
7f50a0000000-7f50a0021000 rw-p 00000000 00:00 0 
7f50a0021000-7f50a4000000 ---p 00000000 00:00 0 
7f50a4000000-7f50a4021000 rw-p 00000000 00:00 0 
7f50a4021000-7f50a8000000 ---p 00000000 00:00 0 
7f50a8000000-7f50a8021000 rw-p 00000000 00:00 0 
7f50a8021000-7f50ac000000 ---p 00000000 00:00 0 
7f50ac000000-7f50ac021000 rw-p 00000000 00:00 0 
7f50ac021000-7f50b0000000 ---p 00000000 00:00 0 
7f50b0000000-7f50b0021000 rw-p 00000000 00:00 0 
7f50b0021000-7f50b4000000 ---p 00000000 00:00 0 
7f50b4000000-7f50b4021000 rw-p 00000000 00:00 0 
7f50b4021000-7f50b8000000 ---p 00000000 00:00 0 
7f50b8000000-7f50b8021000 rw-p 00000000 00:00 0 
7f50b8021000-7f50bc000000 ---p 00000000 00:00 0 
7f50bc000000-7f50bc002000 r--s 00000000 08:02 12068181                   /var/cache/fontconfig/12888573d3e05bfbe41d0040af4efeaa-le64.cache-4
7f50bc002000-7f50bc019000 r--s 00000000 08:02 12069338                   /var/cache/fontconfig/e13b20fdb08344e0e664864cc2ede53d-le64.cache-4
7f50bc019000-7f50bc01c000 ---p 00000000 00:00 0 
7f50bc01c000-7f50bc11a000 rw-p 00000000 00:00 0                          [stack:5304]
7f50bc11a000-7f50bc11b000 ---p 00000000 00:00 0 
7f50bc11b000-7f50bc21b000 rw-p 00000000 00:00 0                          [stack:5303]
7f50bc21b000-7f50bc21e000 ---p 00000000 00:00 0 
7f50bc21e000-7f50bc31c000 rw-p 00000000 00:00 0                          [stack:5302]
7f50bc31c000-7f50bc31f000 ---p 00000000 00:00 0 
7f50bc31f000-7f50bc41d000 rw-p 00000000 00:00 0                          [stack:5301]
7f50bc41d000-7f50bc420000 ---p 00000000 00:00 0 
7f50bc420000-7f50bc51e000 rw-p 00000000 00:00 0                          [stack:5300]
7f50bc51e000-7f50bc521000 ---p 00000000 00:00 0 
7f50bc521000-7f50bc61f000 rw-p 00000000 00:00 0                          [stack:5299]
7f50bc61f000-7f50bcd02000 r--p 00000000 08:02 3283782                    /usr/lib/locale/locale-archive
7f50bcd02000-7f50bcd05000 ---p 00000000 00:00 0 
7f50bcd05000-7f50bce03000 rw-p 00000000 00:00 0                          [stack:5298]
7f50bce03000-7f50bce06000 ---p 00000000 00:00 0 
7f50bce06000-7f50bcf04000 rw-p 00000000 00:00 0                          [stack:5297]
7f50bcf04000-7f50bcf05000 ---p 00000000 00:00 0 
7f50bcf05000-7f50bec7c000 rw-p 00000000 00:00 0                          [stack:5296]
7f50bec7c000-7f50bee13000 r--s 01a18000 08:02 7864550                    /usr/lib/jvm/java-6-openjdk-amd64/jre/lib/rt.jar
7f50bee13000-7f50bfed7000 rw-p 00000000 00:00 0 
7f50bfed7000-7f50bfed8000 ---p 00000000 00:00 0 
7f50bfed8000-7f50bffd8000 rw-p 00000000 00:00 0                          [stack:5295]
7f50bffd8000-7f50bffd9000 ---p 00000000 00:00 0 
7f50bffd9000-7f50c00d9000 rw-p 00000000 00:00 0                          [stack:5294]
7f50c00d9000-7f50c00da000 ---p 00000000 00:00 0 
7f50c00da000-7f50c01da000 rw-p 00000000 00:00 0                          [stack:5293]
7f50c01da000-7f50c01db000 ---p 00000000 00:00 0 
7f50c01db000-7f50c02db000 rw-p 00000000 00:00 0                          [stack:5292]
7f50c02db000-7f50c02dc000 ---p 00000000 00:00 0 
7f50c02dc000-7f50c03dc000 rw-p 00000000 00:00 0                          [stack:5291]
7f50c03dc000-7f50c03dd000 ---p 00000000 00:00 0 
7f50c03dd000-7f50c04dd000 rw-p 00000000 00:00 0                          [stack:5290]
7f50c04dd000-7f50c04de000 ---p 00000000 00:00 0 
7f50c04de000-7f50c05de000 rw-p 00000000 00:00 0                          [stack:5289]
7f50c05de000-7f50c05df000 ---p 00000000 00:00 0 
7f50c05df000-7f50c06ea000 rw-p 00000000 00:00 0                          [stack:5288]
7f50c06ea000-7f50c0732000 rw-p 00000000 00:00 0 
7f50c0732000-7f50c075c000 rw-p 00000000 00:00 0 
7f50c075c000-7f50c09c6000 rw-p 00000000 00:00 0 
7f50c09c6000-7f50c09d1000 rw-p 00000000 00:00 0 
7f50c09d1000-7f50c0a19000 rw-p 00000000 00:00 0 
7f50c0a19000-7f50c0a43000 rw-p 00000000 00:00 0 
7f50c0a43000-7f50c0cad000 rw-p 00000000 00:00 0 
7f50c0cad000-7f50c0cc2000 rw-p 00000000 00:00 0 
7f50c0cc2000-7f50c0df7000 rw-p 00000000 00:00 0 
7f50c0df7000-7f50c0df8000 rw-p 00000000 00:00 0 
7f50c0df8000-7f50c1068000 rwxp 00000000 00:00 0 
7f50c1068000-7f50c3df8000 rw-p 00000000 00:00 0 
7f50c3df8000-7f50c3dff000 r-xp 00000000 08:02 7864527                    /usr/lib/jvm/java-6-openjdk-amd64/jre/lib/amd64/libzip.so
7f50c3dff000-7f50c3ffe000 ---p 00007000 08:02 7864527                    /usr/lib/jvm/java-6-openjdk-amd64/jre/lib/amd64/libzip.so
7f50c3ffe000-7f50c3fff000 r--p 00006000 08:02 7864527                    /usr/lib/jvm/java-6-openjdk-amd64/jre/lib/amd64/libzip.so
7f50c3fff000-7f50c4000000 rw-p 00007000 08:02 7864527                    /usr/lib/jvm/java-6-openjdk-amd64/jre/lib/amd64/libzip.so
7f50c4000000-7f50c4595000 rw-p 00000000 00:00 0 
7f50c4595000-7f50c8000000 ---p 00000000 00:00 0 
7f50c8000000-7f50c8001000 r--s 00000000 08:02 12058892                   /var/cache/fontconfig/56cf4f4769d0f4abc89a4895d7bd3ae1-le64.cache-4
7f50c8001000-7f50c8002000 r--s 00000000 08:02 12058904                   /var/cache/fontconfig/b9d506c9ac06c20b433354fa67a72993-le64.cache-4
7f50c8002000-7f50c8003000 r--s 00000000 08:02 12068168                   /var/cache/fontconfig/0b3f2427388044a01a5738fa4b8cc9d1-le64.cache-4
7f50c8003000-7f50c8004000 r--s 00000000 08:02 12068166                   /var/cache/fontconfig/0941b6d3777f1e64883d36fd6d84a52f-le64.cache-4
7f50c8004000-7f50c8006000 r--s 00000000 08:02 12068158                   /var/cache/fontconfig/e8d703157d3641d20c7e900be2e8d091-le64.cache-4
7f50c8006000-7f50c800b000 r--s 00000000 08:02 12068111                   /var/cache/fontconfig/b25010134a2e462c779c1c1d5ccbff7b-le64.cache-4
7f50c800b000-7f50c800d000 r--s 00000000 08:02 12067962                   /var/cache/fontconfig/6a6dfed4a7d1e4367ef225093de82110-le64.cache-4
7f50c800d000-7f50c8035000 rw-p 00000000 00:00 0 
7f50c8035000-7f50c8040000 r-xp 00000000 08:02 8388707                    /lib/x86_64-linux-gnu/libnss_files-2.19.so
7f50c8040000-7f50c823f000 ---p 0000b000 08:02 8388707                    /lib/x86_64-linux-gnu/libnss_files-2.19.so
7f50c823f000-7f50c8240000 r--p 0000a000 08:02 8388707                    /lib/x86_64-linux-gnu/libnss_files-2.19.so
7f50c8240000-7f50c8241000 rw-p 0000b000 08:02 8388707                    /lib/x86_64-linux-gnu/libnss_files-2.19.so
7f50c8241000-7f50c824c000 r-xp 00000000 08:02 8388708                    /lib/x86_64-linux-gnu/libnss_nis-2.19.so
7f50c824c000-7f50c844b000 ---p 0000b000 08:02 8388708                    /lib/x86_64-linux-gnu/libnss_nis-2.19.so
7f50c844b000-7f50c844c000 r--p 0000a000 08:02 8388708                    /lib/x86_64-linux-gnu/libnss_nis-2.19.so
7f50c844c000-7f50c844d000 rw-p 0000b000 08:02 8388708                    /lib/x86_64-linux-gnu/libnss_nis-2.19.so
7f50c844d000-7f50c8464000 r-xp 00000000 08:02 8388634                    /lib/x86_64-linux-gnu/libnsl-2.19.so
7f50c8464000-7f50c8663000 ---p 00017000 08:02 8388634                    /lib/x86_64-linux-gnu/libnsl-2.19.so
7f50c8663000-7f50c8664000 r--p 00016000 08:02 8388634                    /lib/x86_64-linux-gnu/libnsl-2.19.so
7f50c8664000-7f50c8665000 rw-p 00017000 08:02 8388634                    /lib/x86_64-linux-gnu/libnsl-2.19.so
7f50c8665000-7f50c8667000 rw-p 00000000 00:00 0 
7f50c8667000-7f50c8670000 r-xp 00000000 08:02 8388613                    /lib/x86_64-linux-gnu/libnss_compat-2.19.so
7f50c8670000-7f50c886f000 ---p 00009000 08:02 8388613                    /lib/x86_64-linux-gnu/libnss_compat-2.19.so
7f50c886f000-7f50c8870000 r--p 00008000 08:02 8388613                    /lib/x86_64-linux-gnu/libnss_compat-2.19.so
7f50c8870000-7f50c8871000 rw-p 00009000 08:02 8388613                    /lib/x86_64-linux-gnu/libnss_compat-2.19.so
7f50c8871000-7f50c88a1000 r-xp 00000000 08:02 7864514                    /usr/lib/jvm/java-6-openjdk-amd64/jre/lib/amd64/libjava.so
7f50c88a1000-7f50c8aa0000 ---p 00030000 08:02 7864514                    /usr/lib/jvm/java-6-openjdk-amd64/jre/lib/amd64/libjava.so
7f50c8aa0000-7f50c8aa1000 r--p 0002f000 08:02 7864514                    /usr/lib/jvm/java-6-openjdk-amd64/jre/lib/amd64/libjava.so
7f50c8aa1000-7f50c8aa4000 rw-p 00030000 08:02 7864514                    /usr/lib/jvm/java-6-openjdk-amd64/jre/lib/amd64/libjava.so
7f50c8aa4000-7f50c8ab4000 r-xp 00000000 08:02 7864526                    /usr/lib/jvm/java-6-openjdk-amd64/jre/lib/amd64/libverify.so
7f50c8ab4000-7f50c8cb3000 ---p 00010000 08:02 7864526                    /usr/lib/jvm/java-6-openjdk-amd64/jre/lib/amd64/libverify.so
7f50c8cb3000-7f50c8cb5000 r--p 0000f000 08:02 7864526                    /usr/lib/jvm/java-6-openjdk-amd64/jre/lib/amd64/libverify.so
7f50c8cb5000-7f50c8cb6000 rw-p 00011000 08:02 7864526                    /usr/lib/jvm/java-6-openjdk-amd64/jre/lib/amd64/libverify.so
7f50c8cb6000-7f50c8cbd000 r-xp 00000000 08:02 8388638                    /lib/x86_64-linux-gnu/librt-2.19.so
7f50c8cbd000-7f50c8ebc000 ---p 00007000 08:02 8388638                    /lib/x86_64-linux-gnu/librt-2.19.so
7f50c8ebc000-7f50c8ebd000 r--p 00006000 08:02 8388638                    /lib/x86_64-linux-gnu/librt-2.19.so
7f50c8ebd000-7f50c8ebe000 rw-p 00007000 08:02 8388638                    /lib/x86_64-linux-gnu/librt-2.19.so
7f50c8ebe000-7f50c8ed4000 r-xp 00000000 08:02 8392578                    /lib/x86_64-linux-gnu/libgcc_s.so.1
7f50c8ed4000-7f50c90d3000 ---p 00016000 08:02 8392578                    /lib/x86_64-linux-gnu/libgcc_s.so.1
7f50c90d3000-7f50c90d4000 rw-p 00015000 08:02 8392578                    /lib/x86_64-linux-gnu/libgcc_s.so.1
7f50c90d4000-7f50c91d9000 r-xp 00000000 08:02 8388703                    /lib/x86_64-linux-gnu/libm-2.19.so
7f50c91d9000-7f50c93d8000 ---p 00105000 08:02 8388703                    /lib/x86_64-linux-gnu/libm-2.19.so
7f50c93d8000-7f50c93d9000 r--p 00104000 08:02 8388703                    /lib/x86_64-linux-gnu/libm-2.19.so
7f50c93d9000-7f50c93da000 rw-p 00105000 08:02 8388703                    /lib/x86_64-linux-gnu/libm-2.19.so
7f50c93da000-7f50c94c0000 r-xp 00000000 08:02 3285684                    /usr/lib/x86_64-linux-gnu/libstdc++.so.6.0.19
7f50c94c0000-7f50c96bf000 ---p 000e6000 08:02 3285684                    /usr/lib/x86_64-linux-gnu/libstdc++.so.6.0.19
7f50c96bf000-7f50c96c7000 r--p 000e5000 08:02 3285684                    /usr/lib/x86_64-linux-gnu/libstdc++.so.6.0.19
7f50c96c7000-7f50c96c9000 rw-p 000ed000 08:02 3285684                    /usr/lib/x86_64-linux-gnu/libstdc++.so.6.0.19
7f50c96c9000-7f50c96de000 rw-p 00000000 00:00 0 
7f50c96de000-7f50ca0ee000 r-xp 00000000 08:02 7864512                    /usr/lib/jvm/java-6-openjdk-amd64/jre/lib/amd64/server/libjvm.so
7f50ca0ee000-7f50ca2ed000 ---p 00a10000 08:02 7864512                    /usr/lib/jvm/java-6-openjdk-amd64/jre/lib/amd64/server/libjvm.so
7f50ca2ed000-7f50ca366000 r--p 00a0f000 08:02 7864512                    /usr/lib/jvm/java-6-openjdk-amd64/jre/lib/amd64/server/libjvm.so
7f50ca366000-7f50ca389000 rw-p 00a88000 08:02 7864512                    /usr/lib/jvm/java-6-openjdk-amd64/jre/lib/amd64/server/libjvm.so
7f50ca389000-7f50ca3b4000 rw-p 00000000 00:00 0 
7f50ca3b4000-7f50ca3cc000 r-xp 00000000 08:02 8392764                    /lib/x86_64-linux-gnu/libz.so.1.2.8
7f50ca3cc000-7f50ca5cb000 ---p 00018000 08:02 8392764                    /lib/x86_64-linux-gnu/libz.so.1.2.8
7f50ca5cb000-7f50ca5cc000 r--p 00017000 08:02 8392764                    /lib/x86_64-linux-gnu/libz.so.1.2.8
7f50ca5cc000-7f50ca5cd000 rw-p 00018000 08:02 8392764                    /lib/x86_64-linux-gnu/libz.so.1.2.8
7f50ca5cd000-7f50ca788000 r-xp 00000000 08:02 8388700                    /lib/x86_64-linux-gnu/libc-2.19.so
7f50ca788000-7f50ca988000 ---p 001bb000 08:02 8388700                    /lib/x86_64-linux-gnu/libc-2.19.so
7f50ca988000-7f50ca98c000 r--p 001bb000 08:02 8388700                    /lib/x86_64-linux-gnu/libc-2.19.so
7f50ca98c000-7f50ca98e000 rw-p 001bf000 08:02 8388700                    /lib/x86_64-linux-gnu/libc-2.19.so
7f50ca98e000-7f50ca993000 rw-p 00000000 00:00 0 
7f50ca993000-7f50ca996000 r-xp 00000000 08:02 8388712                    /lib/x86_64-linux-gnu/libdl-2.19.so
7f50ca996000-7f50cab95000 ---p 00003000 08:02 8388712                    /lib/x86_64-linux-gnu/libdl-2.19.so
7f50cab95000-7f50cab96000 r--p 00002000 08:02 8388712                    /lib/x86_64-linux-gnu/libdl-2.19.so
7f50cab96000-7f50cab97000 rw-p 00003000 08:02 8388712                    /lib/x86_64-linux-gnu/libdl-2.19.so
7f50cab97000-7f50cab9b000 r-xp 00000000 08:02 7864509                    /usr/lib/jvm/java-6-openjdk-amd64/jre/lib/amd64/jli/libjli.so
7f50cab9b000-7f50cad9a000 ---p 00004000 08:02 7864509                    /usr/lib/jvm/java-6-openjdk-amd64/jre/lib/amd64/jli/libjli.so
7f50cad9a000-7f50cad9b000 r--p 00003000 08:02 7864509                    /usr/lib/jvm/java-6-openjdk-amd64/jre/lib/amd64/jli/libjli.so
7f50cad9b000-7f50cad9c000 rw-p 00004000 08:02 7864509                    /usr/lib/jvm/java-6-openjdk-amd64/jre/lib/amd64/jli/libjli.so
7f50cad9c000-7f50cadb5000 r-xp 00000000 08:02 8392531                    /lib/x86_64-linux-gnu/libpthread-2.19.so
7f50cadb5000-7f50cafb4000 ---p 00019000 08:02 8392531                    /lib/x86_64-linux-gnu/libpthread-2.19.so
7f50cafb4000-7f50cafb5000 r--p 00018000 08:02 8392531                    /lib/x86_64-linux-gnu/libpthread-2.19.so
7f50cafb5000-7f50cafb6000 rw-p 00019000 08:02 8392531                    /lib/x86_64-linux-gnu/libpthread-2.19.so
7f50cafb6000-7f50cafba000 rw-p 00000000 00:00 0 
7f50cafba000-7f50cafdd000 r-xp 00000000 08:02 8388701                    /lib/x86_64-linux-gnu/ld-2.19.so
7f50cafdd000-7f50cafde000 r--s 00000000 08:02 12058881                   /var/cache/fontconfig/0c9eb80ebd1c36541ebe2852d3bb0c49-le64.cache-4
7f50cafde000-7f50cafe2000 r--s 00000000 08:02 12068760                   /var/cache/fontconfig/7ef2298fde41cc6eeb7af42e48b7d293-le64.cache-4
7f50cafe2000-7f50cafe4000 r--s 00000000 08:02 12068842                   /var/cache/fontconfig/16326683038b281783a0ef8c680e3a10-le64.cache-4
7f50cafe4000-7f50caff1000 r--s 00000000 08:02 12068837                   /var/cache/fontconfig/8f02d4cb045bd6ce15663e43f347c9f8-le64.cache-4
7f50caff1000-7f50caff5000 r--s 0003c000 08:02 3809286                    /usr/lib/jvm/java-6-openjdk-common/jre/lib/jsse.jar
7f50caff5000-7f50caff8000 r--s 0004a000 08:02 8131626                    /home/yorick/Documents/Java/Breakout/acm.jar
7f50caff8000-7f50caffa000 r--s 00001000 08:02 3935823                    /usr/lib/jvm/java-6-openjdk-common/jre/lib/ext/dnsns.jar
7f50caffa000-7f50cb004000 rw-p 00000000 00:00 0 
7f50cb004000-7f50cb0ba000 rw-p 00000000 00:00 0 
7f50cb0ba000-7f50cb0bd000 ---p 00000000 00:00 0 
7f50cb0bd000-7f50cb1c0000 rw-p 00000000 00:00 0                          [stack:5287]
7f50cb1c0000-7f50cb1c1000 r--s 00000000 08:02 12068816                   /var/cache/fontconfig/e0aa53bcfa504e64f87823c16bc01eb6-le64.cache-4
7f50cb1c1000-7f50cb1c3000 r--s 00006000 08:02 3677359                    /usr/share/java/java-atk-wrapper.jar
7f50cb1c3000-7f50cb1c6000 r--s 0000f000 08:02 3935832                    /usr/lib/jvm/java-6-openjdk-common/jre/lib/ext/pulse-java.jar
7f50cb1c6000-7f50cb1c9000 r--s 0003a000 08:02 3935831                    /usr/lib/jvm/java-6-openjdk-common/jre/lib/ext/sunpkcs11.jar
7f50cb1c9000-7f50cb1cd000 r--s 00032000 08:02 3935825                    /usr/lib/jvm/java-6-openjdk-common/jre/lib/ext/sunjce_provider.jar
7f50cb1cd000-7f50cb1d0000 r--s 00077000 08:02 3935827                    /usr/lib/jvm/java-6-openjdk-common/jre/lib/ext/localedata.jar
7f50cb1d0000-7f50cb1d8000 rw-s 00000000 08:02 7865690                    /tmp/hsperfdata_yorick/5286
7f50cb1d8000-7f50cb1d9000 rw-p 00000000 00:00 0 
7f50cb1d9000-7f50cb1da000 r--p 00000000 00:00 0 
7f50cb1da000-7f50cb1dc000 rw-p 00000000 00:00 0 
7f50cb1dc000-7f50cb1dd000 r--p 00022000 08:02 8388701                    /lib/x86_64-linux-gnu/ld-2.19.so
7f50cb1dd000-7f50cb1de000 rw-p 00023000 08:02 8388701                    /lib/x86_64-linux-gnu/ld-2.19.so
7f50cb1de000-7f50cb1df000 rw-p 00000000 00:00 0 
7fff851fa000-7fff8521b000 rw-p 00000000 00:00 0                          [stack]
7fff8528c000-7fff8528e000 r-xp 00000000 00:00 0                          [vdso]
ffffffffff600000-ffffffffff601000 r-xp 00000000 00:00 0                  [vsyscall]

VM Arguments:
java_command: Breakout
Launcher Type: SUN_STANDARD

Environment Variables:
PATH=/usr/local/sbin:/usr/local/bin:/usr/sbin:/usr/bin:/sbin:/bin:/usr/games:/usr/local/games LC_ALL="en_US.UTF-8"
LD_LIBRARY_PATH=/usr/lib/jvm/java-6-openjdk-amd64/jre/lib/amd64/server:/usr/lib/jvm/java-6-openjdk-amd64/jre/lib/amd64:/usr/lib/jvm/java-6-openjdk-amd64/jre/../lib/amd64
SHELL=/bin/bash
DISPLAY=:0

Signal Handlers:
SIGSEGV: [libjvm.so+0x872ca0], sa_mask[0]=0x7ffbfeff, sa_flags=0x10000004
SIGBUS: [libjvm.so+0x872ca0], sa_mask[0]=0x7ffbfeff, sa_flags=0x10000004
SIGFPE: [libjvm.so+0x70b4c0], sa_mask[0]=0x7ffbfeff, sa_flags=0x10000004
SIGPIPE: [libjvm.so+0x70b4c0], sa_mask[0]=0x7ffbfeff, sa_flags=0x10000004
SIGXFSZ: [libjvm.so+0x70b4c0], sa_mask[0]=0x7ffbfeff, sa_flags=0x10000004
SIGILL: [libjvm.so+0x70b4c0], sa_mask[0]=0x7ffbfeff, sa_flags=0x10000004
SIGUSR1: SIG_DFL, sa_mask[0]=0x00000000, sa_flags=0x00000000
SIGUSR2: [libjvm.so+0x70b1f0], sa_mask[0]=0x00000000, sa_flags=0x10000004
SIGHUP: [libjvm.so+0x70b4d0], sa_mask[0]=0x7ffbfeff, sa_flags=0x10000004
SIGINT: [libjvm.so+0x70b4d0], sa_mask[0]=0x7ffbfeff, sa_flags=0x10000004
SIGTERM: [libjvm.so+0x70b4d0], sa_mask[0]=0x7ffbfeff, sa_flags=0x10000004
SIGQUIT: [libjvm.so+0x70b4d0], sa_mask[0]=0x7ffbfeff, sa_flags=0x10000004


---------------  S Y S T E M  ---------------

OS:Ubuntu 14.04 (trusty)
uname:Linux 3.13.0-37-generic #64-Ubuntu SMP Mon Sep 22 21:28:38 UTC 2014 x86_64
libc:glibc 2.19 NPTL 2.19 
rlimit: STACK 8192k, CORE 0k, NPROC 62375, NOFILE 4096, AS infinity
load average:0.51 0.35 0.26

/proc/meminfo:
MemTotal:        8105176 kB
MemFree:         5968340 kB
Buffers:           67724 kB
Cached:           706172 kB
SwapCached:            0 kB
Active:          1382576 kB
Inactive:         505964 kB
Active(anon):    1115884 kB
Inactive(anon):    45988 kB
Active(file):     266692 kB
Inactive(file):   459976 kB
Unevictable:         164 kB
Mlocked:             128 kB
SwapTotal:       8318972 kB
SwapFree:        8318972 kB
Dirty:               136 kB
Writeback:             0 kB
AnonPages:       1109868 kB
Mapped:           261684 kB
Shmem:             47424 kB
Slab:              86564 kB
SReclaimable:      48172 kB
SUnreclaim:        38392 kB
KernelStack:        5080 kB
PageTables:        33556 kB
NFS_Unstable:          0 kB
Bounce:                0 kB
WritebackTmp:          0 kB
CommitLimit:    12371560 kB
Committed_AS:    4764472 kB
VmallocTotal:   34359738367 kB
VmallocUsed:      325420 kB
VmallocChunk:   34359374068 kB
HardwareCorrupted:     0 kB
AnonHugePages:    370688 kB
HugePages_Total:       0
HugePages_Free:        0
HugePages_Rsvd:        0
HugePages_Surp:        0
Hugepagesize:       2048 kB
DirectMap4k:       82432 kB
DirectMap2M:     8235008 kB


CPU:total 8 (4 cores per cpu, 2 threads per core) family 6 model 58 stepping 9, cmov, cx8, fxsr, mmx, sse, sse2, sse3, ssse3, sse4.1, sse4.2, popcnt, avx, ht, tsc, tscinvbit, tscinv

/proc/cpuinfo:
processor	: 0
vendor_id	: GenuineIntel
cpu family	: 6
model		: 58
model name	: Intel(R) Core(TM) i7-3630QM CPU @ 2.40GHz
stepping	: 9
microcode	: 0x16
cpu MHz		: 2400.000
cache size	: 6144 KB
physical id	: 0
siblings	: 8
core id		: 0
cpu cores	: 4
apicid		: 0
initial apicid	: 0
fpu		: yes
fpu_exception	: yes
cpuid level	: 13
wp		: yes
flags		: fpu vme de pse tsc msr pae mce cx8 apic sep mtrr pge mca cmov pat pse36 clflush dts acpi mmx fxsr sse sse2 ss ht tm pbe syscall nx rdtscp lm constant_tsc arch_perfmon pebs bts rep_good nopl xtopology nonstop_tsc aperfmperf eagerfpu pni pclmulqdq dtes64 monitor ds_cpl vmx est tm2 ssse3 cx16 xtpr pdcm pcid sse4_1 sse4_2 x2apic popcnt tsc_deadline_timer aes xsave avx f16c rdrand lahf_lm ida arat epb xsaveopt pln pts dtherm tpr_shadow vnmi flexpriority ept vpid fsgsbase smep erms
bogomips	: 4788.89
clflush size	: 64
cache_alignment	: 64
address sizes	: 36 bits physical, 48 bits virtual
power management:

processor	: 1
vendor_id	: GenuineIntel
cpu family	: 6
model		: 58
model name	: Intel(R) Core(TM) i7-3630QM CPU @ 2.40GHz
stepping	: 9
microcode	: 0x16
cpu MHz		: 2400.000
cache size	: 6144 KB
physical id	: 0
siblings	: 8
core id		: 0
cpu cores	: 4
apicid		: 1
initial apicid	: 1
fpu		: yes
fpu_exception	: yes
cpuid level	: 13
wp		: yes
flags		: fpu vme de pse tsc msr pae mce cx8 apic sep mtrr pge mca cmov pat pse36 clflush dts acpi mmx fxsr sse sse2 ss ht tm pbe syscall nx rdtscp lm constant_tsc arch_perfmon pebs bts rep_good nopl xtopology nonstop_tsc aperfmperf eagerfpu pni pclmulqdq dtes64 monitor ds_cpl vmx est tm2 ssse3 cx16 xtpr pdcm pcid sse4_1 sse4_2 x2apic popcnt tsc_deadline_timer aes xsave avx f16c rdrand lahf_lm ida arat epb xsaveopt pln pts dtherm tpr_shadow vnmi flexpriority ept vpid fsgsbase smep erms
bogomips	: 4788.89
clflush size	: 64
cache_alignment	: 64
address sizes	: 36 bits physical, 48 bits virtual
power management:

processor	: 2
vendor_id	: GenuineIntel
cpu family	: 6
model		: 58
model name	: Intel(R) Core(TM) i7-3630QM CPU @ 2.40GHz
stepping	: 9
microcode	: 0x16
cpu MHz		: 1800.000
cache size	: 6144 KB
physical id	: 0
siblings	: 8
core id		: 1
cpu cores	: 4
apicid		: 2
initial apicid	: 2
fpu		: yes
fpu_exception	: yes
cpuid level	: 13
wp		: yes
flags		: fpu vme de pse tsc msr pae mce cx8 apic sep mtrr pge mca cmov pat pse36 clflush dts acpi mmx fxsr sse sse2 ss ht tm pbe syscall nx rdtscp lm constant_tsc arch_perfmon pebs bts rep_good nopl xtopology nonstop_tsc aperfmperf eagerfpu pni pclmulqdq dtes64 monitor ds_cpl vmx est tm2 ssse3 cx16 xtpr pdcm pcid sse4_1 sse4_2 x2apic popcnt tsc_deadline_timer aes xsave avx f16c rdrand lahf_lm ida arat epb xsaveopt pln pts dtherm tpr_shadow vnmi flexpriority ept vpid fsgsbase smep erms
bogomips	: 4788.89
clflush size	: 64
cache_alignment	: 64
address sizes	: 36 bits physical, 48 bits virtual
power management:

processor	: 3
vendor_id	: GenuineIntel
cpu family	: 6
model		: 58
model name	: Intel(R) Core(TM) i7-3630QM CPU @ 2.40GHz
stepping	: 9
microcode	: 0x16
cpu MHz		: 1900.000
cache size	: 6144 KB
physical id	: 0
siblings	: 8
core id		: 1
cpu cores	: 4
apicid		: 3
initial apicid	: 3
fpu		: yes
fpu_exception	: yes
cpuid level	: 13
wp		: yes
flags		: fpu vme de pse tsc msr pae mce cx8 apic sep mtrr pge mca cmov pat pse36 clflush dts acpi mmx fxsr sse sse2 ss ht tm pbe syscall nx rdtscp lm constant_tsc arch_perfmon pebs bts rep_good nopl xtopology nonstop_tsc aperfmperf eagerfpu pni pclmulqdq dtes64 monitor ds_cpl vmx est tm2 ssse3 cx16 xtpr pdcm pcid sse4_1 sse4_2 x2apic popcnt tsc_deadline_timer aes xsave avx f16c rdrand lahf_lm ida arat epb xsaveopt pln pts dtherm tpr_shadow vnmi flexpriority ept vpid fsgsbase smep erms
bogomips	: 4788.89
clflush size	: 64
cache_alignment	: 64
address sizes	: 36 bits physical, 48 bits virtual
power management:

processor	: 4
vendor_id	: GenuineIntel
cpu family	: 6
model		: 58
model name	: Intel(R) Core(TM) i7-3630QM CPU @ 2.40GHz
stepping	: 9
microcode	: 0x16
cpu MHz		: 2000.000
cache size	: 6144 KB
physical id	: 0
siblings	: 8
core id		: 2
cpu cores	: 4
apicid		: 4
initial apicid	: 4
fpu		: yes
fpu_exception	: yes
cpuid level	: 13
wp		: yes
flags		: fpu vme de pse tsc msr pae mce cx8 apic sep mtrr pge mca cmov pat pse36 clflush dts acpi mmx fxsr sse sse2 ss ht tm pbe syscall nx rdtscp lm constant_tsc arch_perfmon pebs bts rep_good nopl xtopology nonstop_tsc aperfmperf eagerfpu pni pclmulqdq dtes64 monitor ds_cpl vmx est tm2 ssse3 cx16 xtpr pdcm pcid sse4_1 sse4_2 x2apic popcnt tsc_deadline_timer aes xsave avx f16c rdrand lahf_lm ida arat epb xsaveopt pln pts dtherm tpr_shadow vnmi flexpriority ept vpid fsgsbase smep erms
bogomips	: 4788.89
clflush size	: 64
cache_alignment	: 64
address sizes	: 36 bits physical, 48 bits virtual
power management:

processor	: 5
vendor_id	: GenuineIntel
cpu family	: 6
model		: 58
model name	: Intel(R) Core(TM) i7-3630QM CPU @ 2.40GHz
stepping	: 9
microcode	: 0x16
cpu MHz		: 1900.000
cache size	: 6144 KB
physical id	: 0
siblings	: 8
core id		: 2
cpu cores	: 4
apicid		: 5
initial apicid	: 5
fpu		: yes
fpu_exception	: yes
cpuid level	: 13
wp		: yes
flags		: fpu vme de pse tsc msr pae mce cx8 apic sep mtrr pge mca cmov pat pse36 clflush dts acpi mmx fxsr sse sse2 ss ht tm pbe syscall nx rdtscp lm constant_tsc arch_perfmon pebs bts rep_good nopl xtopology nonstop_tsc aperfmperf eagerfpu pni pclmulqdq dtes64 monitor ds_cpl vmx est tm2 ssse3 cx16 xtpr pdcm pcid sse4_1 sse4_2 x2apic popcnt tsc_deadline_timer aes xsave avx f16c rdrand lahf_lm ida arat epb xsaveopt pln pts dtherm tpr_shadow vnmi flexpriority ept vpid fsgsbase smep erms
bogomips	: 4788.89
clflush size	: 64
cache_alignment	: 64
address sizes	: 36 bits physical, 48 bits virtual
power management:

processor	: 6
vendor_id	: GenuineIntel
cpu family	: 6
model		: 58
model name	: Intel(R) Core(TM) i7-3630QM CPU @ 2.40GHz
stepping	: 9
microcode	: 0x16
cpu MHz		: 2200.000
cache size	: 6144 KB
physical id	: 0
siblings	: 8
core id		: 3
cpu cores	: 4
apicid		: 6
initial apicid	: 6
fpu		: yes
fpu_exception	: yes
cpuid level	: 13
wp		: yes
flags		: fpu vme de pse tsc msr pae mce cx8 apic sep mtrr pge mca cmov pat pse36 clflush dts acpi mmx fxsr sse sse2 ss ht tm pbe syscall nx rdtscp lm constant_tsc arch_perfmon pebs bts rep_good nopl xtopology nonstop_tsc aperfmperf eagerfpu pni pclmulqdq dtes64 monitor ds_cpl vmx est tm2 ssse3 cx16 xtpr pdcm pcid sse4_1 sse4_2 x2apic popcnt tsc_deadline_timer aes xsave avx f16c rdrand lahf_lm ida arat epb xsaveopt pln pts dtherm tpr_shadow vnmi flexpriority ept vpid fsgsbase smep erms
bogomips	: 4788.89
clflush size	: 64
cache_alignment	: 64
address sizes	: 36 bits physical, 48 bits virtual
power management:

processor	: 7
vendor_id	: GenuineIntel
cpu family	: 6
model		: 58
model name	: Intel(R) Core(TM) i7-3630QM CPU @ 2.40GHz
stepping	: 9
microcode	: 0x16
cpu MHz		: 2200.000
cache size	: 6144 KB
physical id	: 0
siblings	: 8
core id		: 3
cpu cores	: 4
apicid		: 7
initial apicid	: 7
fpu		: yes
fpu_exception	: yes
cpuid level	: 13
wp		: yes
flags		: fpu vme de pse tsc msr pae mce cx8 apic sep mtrr pge mca cmov pat pse36 clflush dts acpi mmx fxsr sse sse2 ss ht tm pbe syscall nx rdtscp lm constant_tsc arch_perfmon pebs bts rep_good nopl xtopology nonstop_tsc aperfmperf eagerfpu pni pclmulqdq dtes64 monitor ds_cpl vmx est tm2 ssse3 cx16 xtpr pdcm pcid sse4_1 sse4_2 x2apic popcnt tsc_deadline_timer aes xsave avx f16c rdrand lahf_lm ida arat epb xsaveopt pln pts dtherm tpr_shadow vnmi flexpriority ept vpid fsgsbase smep erms
bogomips	: 4788.89
clflush size	: 64
cache_alignment	: 64
address sizes	: 36 bits physical, 48 bits virtual
power management:



Memory: 4k page, physical 8105176k(5976880k free), swap 8318972k(8318972k free)

vm_info: OpenJDK 64-Bit Server VM (23.25-b01) for linux-amd64 JRE (1.6.0_33-b33), built on Oct 15 2014 12:34:01 by "buildd" with gcc 4.8.2

time: Sun Nov  9 00:47:22 2014
elapsed time: 395 seconds

